Arguments: 
  /usr/local/bin/node /usr/local/Cellar/yarn/1.22.10/libexec/bin/yarn.js run dist

PATH: 
  /usr/local/bin:/usr/bin:/bin:/usr/sbin:/sbin

Yarn version: 
  1.22.10

Node version: 
  14.15.0

Platform: 
  darwin x64

Trace: 
  SyntaxError: /Users/ransome/Documents/sleek/package.json: Unexpected string in JSON at position 1640
      at JSON.parse (<anonymous>)
      at /usr/local/Cellar/yarn/1.22.10/libexec/lib/cli.js:1625:59
      at Generator.next (<anonymous>)
      at step (/usr/local/Cellar/yarn/1.22.10/libexec/lib/cli.js:310:30)
      at /usr/local/Cellar/yarn/1.22.10/libexec/lib/cli.js:321:13

npm manifest: 
  {
    "name": "sleek",
    "productName": "sleek",
    "version": "0.0.1",
    "description": "A simple and sleek app to manage a todo.txt file.",
    "synopsis": "A simple and sleek app to manage a todo.txt file.",
    "category": "ProjectManagement",
    "keywords": [
      "todo.txt",
      "todo",
      "productivity",
      "tasks"
    ],
    "author": "Robin Ahle <mail@robbfolio.de>",
    "copyright": "Copyright © 2020 ${author}",
    "license": "MIT",
    "repository": "https://github.com/ransome1/sleek/",
    "icon": "src/img/512x512.png",
    "main": "src/index.js",
    "buildResources": "src",
    "build": {
      "appId": "com.sleek.desktop",
      "linux": {
        "icon": "src/img/512x512.png",
        "category": "ProjectManagement",
        "target": [
          "deb",
          "pacman",
          "freebsd",
          "rpm",
          "AppImage",
          "snap"
        ]
      },
      "win": {
        "target": [
          "portable",
          "nsis-web",
          "appx"
        ],
        "icon": "src/img/512x512.ico"
      },
      "mac": {
        "target": "dmg",
        "icon": "src/img/512x512.icns",
        "category": "public.app-category.productivity"
      }
    },
    "appImage": {
      "artifactName": "${productName}-${version}-${arch}.${ext}"
    },
    "rpm": {
      "artifactName": "${productName}-${version}-${arch}.${ext}"
    },
    "freebsd": {
      "artifactName": "${productName}-${version}-${arch}.${ext}"
    },
    "snap": {
      "confinement": "strict",
      "grade": "devel",
      "useTemplateApp": false
    },
    "publish": {
      "provider": "snapStore",
      "channels": [
        "edge"
      ]
    },
    "publish": {
      "provider": "github",
      "owner": "ransome1",
      "repo": "sleek"
      "releaseType": "prerelease"
    },
    "scripts": {
      "start": "electron .",
      "pack": "electron-builder --dir",
      "dist": "electron-builder -l --publish always",
      "postinstall": "electron-builder install-app-deps"
    },
    "dependencies": {
      "electron-squirrel-startup": "^1.0.0",
      "hyperlink-parser": "0.0.1-alpha.2"
    },
    "devDependencies": {
      "electron": "10.1.3",
      "electron-builder": "^22.9.1"
    }
  }

yarn manifest: 
  No manifest

Lockfile: 
  # THIS IS AN AUTOGENERATED FILE. DO NOT EDIT THIS FILE DIRECTLY.
  # yarn lockfile v1
  
  
  "@develar/schema-utils@~2.6.5":
    "integrity" "sha512-0cp4PsWQ/9avqTVMCtZ+GirikIA36ikvjtHweU4/j8yLtgObI0+JUPhYFScgwlteveGB1rt3Cm8UhN04XayDig=="
    "resolved" "https://registry.yarnpkg.com/@develar/schema-utils/-/schema-utils-2.6.5.tgz"
    "version" "2.6.5"
    dependencies:
      "ajv" "^6.12.0"
      "ajv-keywords" "^3.4.1"
  
  "@electron/get@^1.0.1":
    "integrity" "sha512-vAuHUbfvBQpYTJ5wB7uVIDq5c/Ry0fiTBMs7lnEYAo/qXXppIVcWdfBr57u6eRnKdVso7KSiH6p/LbQAG6Izrg=="
    "resolved" "https://registry.yarnpkg.com/@electron/get/-/get-1.12.2.tgz"
    "version" "1.12.2"
    dependencies:
      "debug" "^4.1.1"
      "env-paths" "^2.2.0"
      "fs-extra" "^8.1.0"
      "global-agent" "^2.0.2"
      "global-tunnel-ng" "^2.7.1"
      "got" "^9.6.0"
      "progress" "^2.0.3"
      "sanitize-filename" "^1.6.2"
      "sumchecker" "^3.0.1"
    optionalDependencies:
      "global-agent" "^2.0.2"
      "global-tunnel-ng" "^2.7.1"
  
  "@sindresorhus/is@^0.14.0":
    "integrity" "sha512-9NET910DNaIPngYnLLPeg+Ogzqsi9uM4mSboU5y6p8S5DzMTVEsJZrawi+BoDNUVBa2DhJqQYUFvMDfgU062LQ=="
    "resolved" "https://registry.yarnpkg.com/@sindresorhus/is/-/is-0.14.0.tgz"
    "version" "0.14.0"
  
  "@szmarczak/http-timer@^1.1.2":
    "integrity" "sha512-XIB2XbzHTN6ieIjfIMV9hlVcfPU26s2vafYWQcZHWXHOxiaRZYEDKEwdl129Zyg50+foYV2jCgtrqSA6qNuNSA=="
    "resolved" "https://registry.yarnpkg.com/@szmarczak/http-timer/-/http-timer-1.1.2.tgz"
    "version" "1.1.2"
    dependencies:
      "defer-to-connect" "^1.0.1"
  
  "@types/debug@^4.1.5":
    "integrity" "sha512-Q1y515GcOdTHgagaVFhHnIFQ38ygs/kmxdNpvpou+raI9UO3YZcHDngBSYKQklcKlvA7iuQlmIKbzvmxcOE9CQ=="
    "resolved" "https://registry.yarnpkg.com/@types/debug/-/debug-4.1.5.tgz"
    "version" "4.1.5"
  
  "@types/fs-extra@^9.0.1":
    "integrity" "sha512-NKdGoXLTFTRED3ENcfCsH8+ekV4gbsysanx2OPbstXVV6fZMgUCqTxubs6I9r7pbOJbFgVq1rpFtLURjKCZWUw=="
    "resolved" "https://registry.yarnpkg.com/@types/fs-extra/-/fs-extra-9.0.3.tgz"
    "version" "9.0.3"
    dependencies:
      "@types/node" "*"
  
  "@types/node@*":
    "integrity" "sha512-6QlRuqsQ/Ox/aJEQWBEJG7A9+u7oSYl3mem/K8IzxXG/kAGbV1YPD9Bg9Zw3vyxC/YP+zONKwy8hGkSt1jxFMw=="
    "resolved" "https://registry.yarnpkg.com/@types/node/-/node-14.14.6.tgz"
    "version" "14.14.6"
  
  "@types/node@^12.0.12":
    "integrity" "sha512-8Jduo8wvvwDzEVJCOvS/G6sgilOLvvhn1eMmK3TW8/T217O7u1jdrK6ImKLv80tVryaPSVeKu6sjDEiFjd4/eg=="
    "resolved" "https://registry.yarnpkg.com/@types/node/-/node-12.19.3.tgz"
    "version" "12.19.3"
  
  "@types/yargs-parser@*":
    "integrity" "sha512-FA/BWv8t8ZWJ+gEOnLLd8ygxH/2UFbAvgEonyfN6yWGLKc7zVjbpl2Y4CTjid9h2RfgPP6SEt6uHwEOply00yw=="
    "resolved" "https://registry.yarnpkg.com/@types/yargs-parser/-/yargs-parser-15.0.0.tgz"
    "version" "15.0.0"
  
  "@types/yargs@^15.0.5":
    "integrity" "sha512-HmU8SeIRhZCWcnRskCs36Q1Q00KBV6Cqh/ora8WN1+22dY07AZdn6Gel8QZ3t26XYPImtcL8WV/eqjhVmMEw4g=="
    "resolved" "https://registry.yarnpkg.com/@types/yargs/-/yargs-15.0.9.tgz"
    "version" "15.0.9"
    dependencies:
      "@types/yargs-parser" "*"
  
  "7zip-bin@~5.0.3":
    "integrity" "sha512-GLyWIFBbGvpKPGo55JyRZAo4lVbnBiD52cKlw/0Vt+wnmKvWJkpZvsjVoaIolyBXDeAQKSicRtqFNPem9w0WYA=="
    "resolved" "https://registry.yarnpkg.com/7zip-bin/-/7zip-bin-5.0.3.tgz"
    "version" "5.0.3"
  
  "ajv-keywords@^3.4.1":
    "integrity" "sha512-5p6WTN0DdTGVQk6VjcEju19IgaHudalcfabD7yhDGeA6bcQnmL+CpveLJq/3hvfwd1aof6L386Ougkx6RfyMIQ=="
    "resolved" "https://registry.yarnpkg.com/ajv-keywords/-/ajv-keywords-3.5.2.tgz"
    "version" "3.5.2"
  
  "ajv@^6.12.0", "ajv@^6.9.1":
    "integrity" "sha512-j3fVLgvTo527anyYyJOGTYJbG+vnnQYvE0m5mmkc1TK+nxAppkCLMIL0aZ4dblVCNoGShhm+kzE4ZUykBoMg4g=="
    "resolved" "https://registry.yarnpkg.com/ajv/-/ajv-6.12.6.tgz"
    "version" "6.12.6"
    dependencies:
      "fast-deep-equal" "^3.1.1"
      "fast-json-stable-stringify" "^2.0.0"
      "json-schema-traverse" "^0.4.1"
      "uri-js" "^4.2.2"
  
  "ansi-align@^3.0.0":
    "integrity" "sha512-ZpClVKqXN3RGBmKibdfWzqCY4lnjEuoNzU5T0oEFpfd/z5qJHVarukridD4juLO2FXMiwUQxr9WqQtaYa8XRYw=="
    "resolved" "https://registry.yarnpkg.com/ansi-align/-/ansi-align-3.0.0.tgz"
    "version" "3.0.0"
    dependencies:
      "string-width" "^3.0.0"
  
  "ansi-regex@^4.1.0":
    "integrity" "sha512-1apePfXM1UOSqw0o9IiFAovVz9M5S1Dg+4TrDwfMewQ6p/rmMueb7tWZjQ1rx4Loy1ArBggoqGpfqqdI4rondg=="
    "resolved" "https://registry.yarnpkg.com/ansi-regex/-/ansi-regex-4.1.0.tgz"
    "version" "4.1.0"
  
  "ansi-regex@^5.0.0":
    "integrity" "sha512-bY6fj56OUQ0hU1KjFNDQuJFezqKdrAyFdIevADiqrWHwSlbmBNMHp5ak2f40Pm8JTFyM2mqxkG6ngkHO11f/lg=="
    "resolved" "https://registry.yarnpkg.com/ansi-regex/-/ansi-regex-5.0.0.tgz"
    "version" "5.0.0"
  
  "ansi-styles@^3.2.1":
    "integrity" "sha512-VT0ZI6kZRdTh8YyJw3SMbYm/u+NqfsAxEpWO0Pf9sq8/e94WxxOpPKx9FR1FlyCtOVDNOQ+8ntlqFxiRc+r5qA=="
    "resolved" "https://registry.yarnpkg.com/ansi-styles/-/ansi-styles-3.2.1.tgz"
    "version" "3.2.1"
    dependencies:
      "color-convert" "^1.9.0"
  
  "ansi-styles@^4.0.0", "ansi-styles@^4.1.0":
    "integrity" "sha512-zbB9rCJAT1rbjiVDb2hqKFHNYLxgtk8NURxZ3IZwD3F6NtxbXZQCnnSi1Lkx+IDohdPlFp222wVALIheZJQSEg=="
    "resolved" "https://registry.yarnpkg.com/ansi-styles/-/ansi-styles-4.3.0.tgz"
    "version" "4.3.0"
    dependencies:
      "color-convert" "^2.0.1"
  
  "app-builder-bin@3.5.10":
    "integrity" "sha512-Jd+GW68lR0NeetgZDo47PdWBEPdnD+p0jEa7XaxjRC8u6Oo/wgJsfKUkORRgr2NpkD19IFKN50P6JYy04XHFLQ=="
    "resolved" "https://registry.yarnpkg.com/app-builder-bin/-/app-builder-bin-3.5.10.tgz"
    "version" "3.5.10"
  
  "app-builder-lib@22.9.1":
    "integrity" "sha512-KfXim/fiNwFW2SKffsjEMdAU7RbbEXn62x5YyXle1b4j9X/wEHW9iwox8De6y0hJdR+/kCC/49lI+VgNwLhV7A=="
    "resolved" "https://registry.yarnpkg.com/app-builder-lib/-/app-builder-lib-22.9.1.tgz"
    "version" "22.9.1"
    dependencies:
      "@develar/schema-utils" "~2.6.5"
      "7zip-bin" "~5.0.3"
      "async-exit-hook" "^2.0.1"
      "bluebird-lst" "^1.0.9"
      "builder-util" "22.9.1"
      "builder-util-runtime" "8.7.2"
      "chromium-pickle-js" "^0.2.0"
      "debug" "^4.3.0"
      "ejs" "^3.1.5"
      "electron-publish" "22.9.1"
      "fs-extra" "^9.0.1"
      "hosted-git-info" "^3.0.5"
      "is-ci" "^2.0.0"
      "isbinaryfile" "^4.0.6"
      "js-yaml" "^3.14.0"
      "lazy-val" "^1.0.4"
      "minimatch" "^3.0.4"
      "normalize-package-data" "^2.5.0"
      "read-config-file" "6.0.0"
      "sanitize-filename" "^1.6.3"
      "semver" "^7.3.2"
      "temp-file" "^3.3.7"
  
  "argparse@^1.0.7":
    "integrity" "sha512-o5Roy6tNG4SL/FOkCAN6RzjiakZS25RLYFrcMttJqbdd8BWrnA+fGz57iN5Pb06pvBGvl5gQ0B48dJlslXvoTg=="
    "resolved" "https://registry.yarnpkg.com/argparse/-/argparse-1.0.10.tgz"
    "version" "1.0.10"
    dependencies:
      "sprintf-js" "~1.0.2"
  
  "async-exit-hook@^2.0.1":
    "integrity" "sha512-NW2cX8m1Q7KPA7a5M2ULQeZ2wR5qI5PAbw5L0UOMxdioVk9PMZ0h1TmyZEkPYrCvYjDlFICusOu1dlEKAAeXBw=="
    "resolved" "https://registry.yarnpkg.com/async-exit-hook/-/async-exit-hook-2.0.1.tgz"
    "version" "2.0.1"
  
  "async@0.9.x":
    "integrity" "sha1-rqdNXmHB+JlhO/ZL2mbUx48v0X0="
    "resolved" "https://registry.yarnpkg.com/async/-/async-0.9.2.tgz"
    "version" "0.9.2"
  
  "at-least-node@^1.0.0":
    "integrity" "sha512-+q/t7Ekv1EDY2l6Gda6LLiX14rU9TV20Wa3ofeQmwPFZbOMo9DXrLbOjFaaclkXKWidIaopwAObQDqwWtGUjqg=="
    "resolved" "https://registry.yarnpkg.com/at-least-node/-/at-least-node-1.0.0.tgz"
    "version" "1.0.0"
  
  "balanced-match@^1.0.0":
    "integrity" "sha1-ibTRmasr7kneFk6gK4nORi1xt2c="
    "resolved" "https://registry.yarnpkg.com/balanced-match/-/balanced-match-1.0.0.tgz"
    "version" "1.0.0"
  
  "bluebird-lst@^1.0.9":
    "integrity" "sha512-7B1Rtx82hjnSD4PGLAjVWeYH3tHAcVUmChh85a3lltKQm6FresXh9ErQo6oAv6CqxttczC3/kEg8SY5NluPuUw=="
    "resolved" "https://registry.yarnpkg.com/bluebird-lst/-/bluebird-lst-1.0.9.tgz"
    "version" "1.0.9"
    dependencies:
      "bluebird" "^3.5.5"
  
  "bluebird@^3.5.5":
    "integrity" "sha512-XpNj6GDQzdfW+r2Wnn7xiSAd7TM3jzkxGXBGTtWKuSXv1xUV+azxAm8jdWZN06QTQk+2N2XB9jRDkvbmQmcRtg=="
    "resolved" "https://registry.yarnpkg.com/bluebird/-/bluebird-3.7.2.tgz"
    "version" "3.7.2"
  
  "boolean@^3.0.1":
    "integrity" "sha512-HRZPIjPcbwAVQvOTxR4YE3o8Xs98NqbbL1iEZDCz7CL8ql0Lt5iOyJFxfnAB0oFs8Oh02F/lLlg30Mexv46LjA=="
    "resolved" "https://registry.yarnpkg.com/boolean/-/boolean-3.0.1.tgz"
    "version" "3.0.1"
  
  "boxen@^4.2.0":
    "integrity" "sha512-eB4uT9RGzg2odpER62bBwSLvUeGC+WbRjjyyFhGsKnc8wp/m0+hQsMUvUe3H2V0D5vw0nBdO1hCJoZo5mKeuIQ=="
    "resolved" "https://registry.yarnpkg.com/boxen/-/boxen-4.2.0.tgz"
    "version" "4.2.0"
    dependencies:
      "ansi-align" "^3.0.0"
      "camelcase" "^5.3.1"
      "chalk" "^3.0.0"
      "cli-boxes" "^2.2.0"
      "string-width" "^4.1.0"
      "term-size" "^2.1.0"
      "type-fest" "^0.8.1"
      "widest-line" "^3.1.0"
  
  "brace-expansion@^1.1.7":
    "integrity" "sha512-iCuPHDFgrHX7H2vEI/5xpz07zSHB00TpugqhmYtVmMO6518mCuRMoOYFldEBl0g187ufozdaHgWKcYFb61qGiA=="
    "resolved" "https://registry.yarnpkg.com/brace-expansion/-/brace-expansion-1.1.11.tgz"
    "version" "1.1.11"
    dependencies:
      "balanced-match" "^1.0.0"
      "concat-map" "0.0.1"
  
  "buffer-crc32@~0.2.3":
    "integrity" "sha1-DTM+PwDqxQqhRUq9MO+MKl2ackI="
    "resolved" "https://registry.yarnpkg.com/buffer-crc32/-/buffer-crc32-0.2.13.tgz"
    "version" "0.2.13"
  
  "buffer-from@^1.0.0":
    "integrity" "sha512-MQcXEUbCKtEo7bhqEs6560Hyd4XaovZlO/k9V3hjVUF/zwW7KBVdSK4gIt/bzwS9MbR5qob+F5jusZsb0YQK2A=="
    "resolved" "https://registry.yarnpkg.com/buffer-from/-/buffer-from-1.1.1.tgz"
    "version" "1.1.1"
  
  "builder-util-runtime@8.7.2":
    "integrity" "sha512-xBqv+8bg6cfnzAQK1k3OGpfaHg+QkPgIgpEkXNhouZ0WiUkyZCftuRc2LYzQrLucFywpa14Xbc6+hTbpq83yRA=="
    "resolved" "https://registry.yarnpkg.com/builder-util-runtime/-/builder-util-runtime-8.7.2.tgz"
    "version" "8.7.2"
    dependencies:
      "debug" "^4.1.1"
      "sax" "^1.2.4"
  
  "builder-util@22.9.1":
    "integrity" "sha512-5hN/XOaYu4ZQUS6F+5CXE6jTo+NAnVqAxDuKGSaHWb9bejfv/rluChTLoY3/nJh7RFjkoyVjvFJv7zQDB1QmHw=="
    "resolved" "https://registry.yarnpkg.com/builder-util/-/builder-util-22.9.1.tgz"
    "version" "22.9.1"
    dependencies:
      "@types/debug" "^4.1.5"
      "@types/fs-extra" "^9.0.1"
      "7zip-bin" "~5.0.3"
      "app-builder-bin" "3.5.10"
      "bluebird-lst" "^1.0.9"
      "builder-util-runtime" "8.7.2"
      "chalk" "^4.1.0"
      "debug" "^4.3.0"
      "fs-extra" "^9.0.1"
      "is-ci" "^2.0.0"
      "js-yaml" "^3.14.0"
      "source-map-support" "^0.5.19"
      "stat-mode" "^1.0.0"
      "temp-file" "^3.3.7"
  
  "cacheable-request@^6.0.0":
    "integrity" "sha512-Oj3cAGPCqOZX7Rz64Uny2GYAZNliQSqfbePrgAQ1wKAihYmCUnraBtJtKcGR4xz7wF+LoJC+ssFZvv5BgF9Igg=="
    "resolved" "https://registry.yarnpkg.com/cacheable-request/-/cacheable-request-6.1.0.tgz"
    "version" "6.1.0"
    dependencies:
      "clone-response" "^1.0.2"
      "get-stream" "^5.1.0"
      "http-cache-semantics" "^4.0.0"
      "keyv" "^3.0.0"
      "lowercase-keys" "^2.0.0"
      "normalize-url" "^4.1.0"
      "responselike" "^1.0.2"
  
  "camelcase@^5.3.1":
    "integrity" "sha512-L28STB170nwWS63UjtlEOE3dldQApaJXZkOI1uMFfzf3rRuPegHaHesyee+YxQ+W6SvRDQV6UrdOdRiR153wJg=="
    "resolved" "https://registry.yarnpkg.com/camelcase/-/camelcase-5.3.1.tgz"
    "version" "5.3.1"
  
  "chalk@^2.4.2":
    "integrity" "sha512-Mti+f9lpJNcwF4tWV8/OrTTtF1gZi+f8FqlyAdouralcFWFQWF2+NgCHShjkCb+IFBLq9buZwE1xckQU4peSuQ=="
    "resolved" "https://registry.yarnpkg.com/chalk/-/chalk-2.4.2.tgz"
    "version" "2.4.2"
    dependencies:
      "ansi-styles" "^3.2.1"
      "escape-string-regexp" "^1.0.5"
      "supports-color" "^5.3.0"
  
  "chalk@^3.0.0":
    "integrity" "sha512-4D3B6Wf41KOYRFdszmDqMCGq5VV/uMAB273JILmO+3jAlh8X4qDtdtgCR3fxtbLEMzSx22QdhnDcJvu2u1fVwg=="
    "resolved" "https://registry.yarnpkg.com/chalk/-/chalk-3.0.0.tgz"
    "version" "3.0.0"
    dependencies:
      "ansi-styles" "^4.1.0"
      "supports-color" "^7.1.0"
  
  "chalk@^4.1.0":
    "integrity" "sha512-qwx12AxXe2Q5xQ43Ac//I6v5aXTipYrSESdOgzrN+9XjgEpyjpKuvSGaN4qE93f7TQTlerQQ8S+EQ0EyDoVL1A=="
    "resolved" "https://registry.yarnpkg.com/chalk/-/chalk-4.1.0.tgz"
    "version" "4.1.0"
    dependencies:
      "ansi-styles" "^4.1.0"
      "supports-color" "^7.1.0"
  
  "chromium-pickle-js@^0.2.0":
    "integrity" "sha1-BKEGZywYsIWrd02YPfo+oTjyIgU="
    "resolved" "https://registry.yarnpkg.com/chromium-pickle-js/-/chromium-pickle-js-0.2.0.tgz"
    "version" "0.2.0"
  
  "ci-info@^2.0.0":
    "integrity" "sha512-5tK7EtrZ0N+OLFMthtqOj4fI2Jeb88C4CAZPu25LDVUgXJ0A3Js4PMGqrn0JU1W0Mh1/Z8wZzYPxqUrXeBboCQ=="
    "resolved" "https://registry.yarnpkg.com/ci-info/-/ci-info-2.0.0.tgz"
    "version" "2.0.0"
  
  "cli-boxes@^2.2.0":
    "integrity" "sha512-y4coMcylgSCdVinjiDBuR8PCC2bLjyGTwEmPb9NHR/QaNU6EUOXcTY/s6VjGMD6ENSEaeQYHCY0GNGS5jfMwPw=="
    "resolved" "https://registry.yarnpkg.com/cli-boxes/-/cli-boxes-2.2.1.tgz"
    "version" "2.2.1"
  
  "cliui@^7.0.2":
    "integrity" "sha512-Gj3QHTkVMPKqwP3f7B4KPkBZRMR9r4rfi5bXFpg1a+Svvj8l7q5CnkBkVQzfxT5DFSsGk2+PascOgL0JYkL2kw=="
    "resolved" "https://registry.yarnpkg.com/cliui/-/cliui-7.0.3.tgz"
    "version" "7.0.3"
    dependencies:
      "string-width" "^4.2.0"
      "strip-ansi" "^6.0.0"
      "wrap-ansi" "^7.0.0"
  
  "clone-response@^1.0.2":
    "integrity" "sha1-0dyXOSAxTfZ/vrlCI7TuNQI56Ws="
    "resolved" "https://registry.yarnpkg.com/clone-response/-/clone-response-1.0.2.tgz"
    "version" "1.0.2"
    dependencies:
      "mimic-response" "^1.0.0"
  
  "color-convert@^1.9.0":
    "integrity" "sha512-QfAUtd+vFdAtFQcC8CCyYt1fYWxSqAiK2cSD6zDB8N3cpsEBAvRxp9zOGg6G/SHHJYAT88/az/IuDGALsNVbGg=="
    "resolved" "https://registry.yarnpkg.com/color-convert/-/color-convert-1.9.3.tgz"
    "version" "1.9.3"
    dependencies:
      "color-name" "1.1.3"
  
  "color-convert@^2.0.1":
    "integrity" "sha512-RRECPsj7iu/xb5oKYcsFHSppFNnsj/52OVTRKb4zP5onXwVF3zVmmToNcOfGC+CRDpfK/U584fMg38ZHCaElKQ=="
    "resolved" "https://registry.yarnpkg.com/color-convert/-/color-convert-2.0.1.tgz"
    "version" "2.0.1"
    dependencies:
      "color-name" "~1.1.4"
  
  "color-name@~1.1.4":
    "integrity" "sha512-dOy+3AuW3a2wNbZHIuMZpTcgjGuLU/uBL/ubcZF9OXbDo8ff4O8yVp5Bf0efS8uEoYo5q4Fx7dY9OgQGXgAsQA=="
    "resolved" "https://registry.yarnpkg.com/color-name/-/color-name-1.1.4.tgz"
    "version" "1.1.4"
  
  "color-name@1.1.3":
    "integrity" "sha1-p9BVi9icQveV3UIyj3QIMcpTvCU="
    "resolved" "https://registry.yarnpkg.com/color-name/-/color-name-1.1.3.tgz"
    "version" "1.1.3"
  
  "concat-map@0.0.1":
    "integrity" "sha1-2Klr13/Wjfd5OnMDajug1UBdR3s="
    "resolved" "https://registry.yarnpkg.com/concat-map/-/concat-map-0.0.1.tgz"
    "version" "0.0.1"
  
  "concat-stream@^1.6.2":
    "integrity" "sha512-27HBghJxjiZtIk3Ycvn/4kbJk/1uZuJFfuPEns6LaEvpvG1f0hTea8lilrouyo9mVc2GWdcEZ8OLoGmSADlrCw=="
    "resolved" "https://registry.yarnpkg.com/concat-stream/-/concat-stream-1.6.2.tgz"
    "version" "1.6.2"
    dependencies:
      "buffer-from" "^1.0.0"
      "inherits" "^2.0.3"
      "readable-stream" "^2.2.2"
      "typedarray" "^0.0.6"
  
  "config-chain@^1.1.11":
    "integrity" "sha512-a1eOIcu8+7lUInge4Rpf/n4Krkf3Dd9lqhljRzII1/Zno/kRtUWnznPO3jOKBmTEktkt3fkxisUcivoj0ebzoA=="
    "resolved" "https://registry.yarnpkg.com/config-chain/-/config-chain-1.1.12.tgz"
    "version" "1.1.12"
    dependencies:
      "ini" "^1.3.4"
      "proto-list" "~1.2.1"
  
  "configstore@^5.0.1":
    "integrity" "sha512-aMKprgk5YhBNyH25hj8wGt2+D52Sw1DRRIzqBwLp2Ya9mFmY8KPvvtvmna8SxVR9JMZ4kzMD68N22vlaRpkeFA=="
    "resolved" "https://registry.yarnpkg.com/configstore/-/configstore-5.0.1.tgz"
    "version" "5.0.1"
    dependencies:
      "dot-prop" "^5.2.0"
      "graceful-fs" "^4.1.2"
      "make-dir" "^3.0.0"
      "unique-string" "^2.0.0"
      "write-file-atomic" "^3.0.0"
      "xdg-basedir" "^4.0.0"
  
  "core-js@^3.6.5":
    "integrity" "sha512-vZVEEwZoIsI+vPEuoF9Iqf5H7/M3eeQqWlQnYa8FSKKePuYTf5MWnxb5SDAzCa60b3JBRS5g9b+Dq7b1y/RCrA=="
    "resolved" "https://registry.yarnpkg.com/core-js/-/core-js-3.6.5.tgz"
    "version" "3.6.5"
  
  "core-util-is@~1.0.0":
    "integrity" "sha1-tf1UIgqivFq1eqtxQMlAdUUDwac="
    "resolved" "https://registry.yarnpkg.com/core-util-is/-/core-util-is-1.0.2.tgz"
    "version" "1.0.2"
  
  "crypto-random-string@^2.0.0":
    "integrity" "sha512-v1plID3y9r/lPhviJ1wrXpLeyUIGAZ2SHNYTEapm7/8A9nLPoyvVp3RK/EPFqn5kEznyWgYZNsRtYYIWbuG8KA=="
    "resolved" "https://registry.yarnpkg.com/crypto-random-string/-/crypto-random-string-2.0.0.tgz"
    "version" "2.0.0"
  
  "debug@^2.2.0":
    "integrity" "sha512-bC7ElrdJaJnPbAP+1EotYvqZsb3ecl5wi6Bfi6BJTUcNowp6cvspg0jXznRTKDjm/E7AdgFBVeAPVMNcKGsHMA=="
    "resolved" "https://registry.yarnpkg.com/debug/-/debug-2.6.9.tgz"
    "version" "2.6.9"
    dependencies:
      "ms" "2.0.0"
  
  "debug@^2.6.9":
    "integrity" "sha512-bC7ElrdJaJnPbAP+1EotYvqZsb3ecl5wi6Bfi6BJTUcNowp6cvspg0jXznRTKDjm/E7AdgFBVeAPVMNcKGsHMA=="
    "resolved" "https://registry.yarnpkg.com/debug/-/debug-2.6.9.tgz"
    "version" "2.6.9"
    dependencies:
      "ms" "2.0.0"
  
  "debug@^4.1.0", "debug@^4.1.1":
    "integrity" "sha512-IX2ncY78vDTjZMFUdmsvIRFY2Cf4FnD0wRs+nQwJU8Lu99/tPFdb0VybiiMTPe3I6rQmwsqQqRBvxU+bZ/I8sg=="
    "resolved" "https://registry.yarnpkg.com/debug/-/debug-4.2.0.tgz"
    "version" "4.2.0"
    dependencies:
      "ms" "2.1.2"
  
  "debug@^4.3.0":
    "integrity" "sha512-jjO6JD2rKfiZQnBoRzhRTbXjHLGLfH+UtGkWLc/UXAh/rzZMyjbgn0NcfFpqT8nd1kTtFnDiJcrIFkq4UKeJVg=="
    "resolved" "https://registry.yarnpkg.com/debug/-/debug-4.3.0.tgz"
    "version" "4.3.0"
    dependencies:
      "ms" "2.1.2"
  
  "decompress-response@^3.3.0":
    "integrity" "sha1-gKTdMjdIOEv6JICDYirt7Jgq3/M="
    "resolved" "https://registry.yarnpkg.com/decompress-response/-/decompress-response-3.3.0.tgz"
    "version" "3.3.0"
    dependencies:
      "mimic-response" "^1.0.0"
  
  "deep-extend@^0.6.0":
    "integrity" "sha512-LOHxIOaPYdHlJRtCQfDIVZtfw/ufM8+rVj649RIHzcm/vGwQRXFt6OPqIFWsm2XEMrNIEtWR64sY1LEKD2vAOA=="
    "resolved" "https://registry.yarnpkg.com/deep-extend/-/deep-extend-0.6.0.tgz"
    "version" "0.6.0"
  
  "defer-to-connect@^1.0.1":
    "integrity" "sha512-0ISdNousHvZT2EiFlZeZAHBUvSxmKswVCEf8hW7KWgG4a8MVEu/3Vb6uWYozkjylyCxe0JBIiRB1jV45S70WVQ=="
    "resolved" "https://registry.yarnpkg.com/defer-to-connect/-/defer-to-connect-1.1.3.tgz"
    "version" "1.1.3"
  
  "define-properties@^1.1.3":
    "integrity" "sha512-3MqfYKj2lLzdMSf8ZIZE/V+Zuy+BgD6f164e8K2w7dgnpKArBDerGYpM46IYYcjnkdPNMjPk9A6VFB8+3SKlXQ=="
    "resolved" "https://registry.yarnpkg.com/define-properties/-/define-properties-1.1.3.tgz"
    "version" "1.1.3"
    dependencies:
      "object-keys" "^1.0.12"
  
  "detect-node@^2.0.4":
    "integrity" "sha512-ZIzRpLJrOj7jjP2miAtgqIfmzbxa4ZOr5jJc601zklsfEx9oTzmmj2nVpIPRpNlRTIh8lc1kyViIY7BWSGNmKw=="
    "resolved" "https://registry.yarnpkg.com/detect-node/-/detect-node-2.0.4.tgz"
    "version" "2.0.4"
  
  "dmg-builder@22.9.1":
    "integrity" "sha512-jc+DAirqmQrNT6KbDHdfEp8D1kD0DBTnsLhwUR3MX+hMBun5bT134LQzpdK0GKvd22GqF8L1Cz/NOgaVjscAXQ=="
    "resolved" "https://registry.yarnpkg.com/dmg-builder/-/dmg-builder-22.9.1.tgz"
    "version" "22.9.1"
    dependencies:
      "app-builder-lib" "22.9.1"
      "builder-util" "22.9.1"
      "fs-extra" "^9.0.1"
      "iconv-lite" "^0.6.2"
      "js-yaml" "^3.14.0"
      "sanitize-filename" "^1.6.3"
  
  "dot-prop@^5.2.0":
    "integrity" "sha512-QM8q3zDe58hqUqjraQOmzZ1LIH9SWQJTlEKCH4kJ2oQvLZk7RbQXvtDM2XEq3fwkV9CCvvH4LA0AV+ogFsBM2Q=="
    "resolved" "https://registry.yarnpkg.com/dot-prop/-/dot-prop-5.3.0.tgz"
    "version" "5.3.0"
    dependencies:
      "is-obj" "^2.0.0"
  
  "dotenv-expand@^5.1.0":
    "integrity" "sha512-YXQl1DSa4/PQyRfgrv6aoNjhasp/p4qs9FjJ4q4cQk+8m4r6k4ZSiEyytKG8f8W9gi8WsQtIObNmKd+tMzNTmA=="
    "resolved" "https://registry.yarnpkg.com/dotenv-expand/-/dotenv-expand-5.1.0.tgz"
    "version" "5.1.0"
  
  "dotenv@^8.2.0":
    "integrity" "sha512-8sJ78ElpbDJBHNeBzUbUVLsqKdccaa/BXF1uPTw3GrvQTBgrQrtObr2mUrE38vzYd8cEv+m/JBfDLioYcfXoaw=="
    "resolved" "https://registry.yarnpkg.com/dotenv/-/dotenv-8.2.0.tgz"
    "version" "8.2.0"
  
  "duplexer3@^0.1.4":
    "integrity" "sha1-7gHdHKwO08vH/b6jfcCo8c4ALOI="
    "resolved" "https://registry.yarnpkg.com/duplexer3/-/duplexer3-0.1.4.tgz"
    "version" "0.1.4"
  
  "ejs@^3.1.5":
    "integrity" "sha512-dldq3ZfFtgVTJMLjOe+/3sROTzALlL9E34V4/sDtUd/KlBSS0s6U1/+WPE1B4sj9CXHJpL1M6rhNJnc9Wbal9w=="
    "resolved" "https://registry.yarnpkg.com/ejs/-/ejs-3.1.5.tgz"
    "version" "3.1.5"
    dependencies:
      "jake" "^10.6.1"
  
  "electron-builder@^22.9.1":
    "integrity" "sha512-GXPt8l5Mxwm1QKYopUM6/Tdh9W3695G6Ax+IFyj5pQ51G4SD5L1uq4/RkPSsOgs3rP7jNSV6g6OfDzdtVufPdA=="
    "resolved" "https://registry.yarnpkg.com/electron-builder/-/electron-builder-22.9.1.tgz"
    "version" "22.9.1"
    dependencies:
      "@types/yargs" "^15.0.5"
      "app-builder-lib" "22.9.1"
      "bluebird-lst" "^1.0.9"
      "builder-util" "22.9.1"
      "builder-util-runtime" "8.7.2"
      "chalk" "^4.1.0"
      "dmg-builder" "22.9.1"
      "fs-extra" "^9.0.1"
      "is-ci" "^2.0.0"
      "lazy-val" "^1.0.4"
      "read-config-file" "6.0.0"
      "sanitize-filename" "^1.6.3"
      "update-notifier" "^4.1.1"
      "yargs" "^16.0.3"
  
  "electron-publish@22.9.1":
    "integrity" "sha512-ducLjRJLEeU87FaTCWaUyDjCoLXHkawkltP2zqS/n2PyGke54ZIql0tBuUheht4EpR8AhFbVJ11spSn1gy8r6w=="
    "resolved" "https://registry.yarnpkg.com/electron-publish/-/electron-publish-22.9.1.tgz"
    "version" "22.9.1"
    dependencies:
      "@types/fs-extra" "^9.0.1"
      "bluebird-lst" "^1.0.9"
      "builder-util" "22.9.1"
      "builder-util-runtime" "8.7.2"
      "chalk" "^4.1.0"
      "fs-extra" "^9.0.1"
      "lazy-val" "^1.0.4"
      "mime" "^2.4.6"
  
  "electron-squirrel-startup@^1.0.0":
    "integrity" "sha1-GbTlWTP6Dvj1VnhLnGYPdyVGoLg="
    "resolved" "https://registry.yarnpkg.com/electron-squirrel-startup/-/electron-squirrel-startup-1.0.0.tgz"
    "version" "1.0.0"
    dependencies:
      "debug" "^2.2.0"
  
  "electron@10.1.3":
    "integrity" "sha512-CR8LrlG47MdAp317SQ3vGYa2o2cIMdMSMPYH46OVitFLk35dwE9fn3VqvhUIXhCHYcNWIAPzMhkVHpkoFdKWuw=="
    "resolved" "https://registry.yarnpkg.com/electron/-/electron-10.1.3.tgz"
    "version" "10.1.3"
    dependencies:
      "@electron/get" "^1.0.1"
      "@types/node" "^12.0.12"
      "extract-zip" "^1.0.3"
  
  "emoji-regex@^7.0.1":
    "integrity" "sha512-CwBLREIQ7LvYFB0WyRvwhq5N5qPhc6PMjD6bYggFlI5YyDgl+0vxq5VHbMOFqLg7hfWzmu8T5Z1QofhmTIhItA=="
    "resolved" "https://registry.yarnpkg.com/emoji-regex/-/emoji-regex-7.0.3.tgz"
    "version" "7.0.3"
  
  "emoji-regex@^8.0.0":
    "integrity" "sha512-MSjYzcWNOA0ewAHpz0MxpYFvwg6yjy1NG3xteoqz644VCo/RPgnr1/GGt+ic3iJTzQ8Eu3TdM14SawnVUmGE6A=="
    "resolved" "https://registry.yarnpkg.com/emoji-regex/-/emoji-regex-8.0.0.tgz"
    "version" "8.0.0"
  
  "encodeurl@^1.0.2":
    "integrity" "sha1-rT/0yG7C0CkyL1oCw6mmBslbP1k="
    "resolved" "https://registry.yarnpkg.com/encodeurl/-/encodeurl-1.0.2.tgz"
    "version" "1.0.2"
  
  "end-of-stream@^1.1.0":
    "integrity" "sha512-+uw1inIHVPQoaVuHzRyXd21icM+cnt4CzD5rW+NC1wjOUSTOs+Te7FOv7AhN7vS9x/oIyhLP5PR1H+phQAHu5Q=="
    "resolved" "https://registry.yarnpkg.com/end-of-stream/-/end-of-stream-1.4.4.tgz"
    "version" "1.4.4"
    dependencies:
      "once" "^1.4.0"
  
  "env-paths@^2.2.0":
    "integrity" "sha512-6u0VYSCo/OW6IoD5WCLLy9JUGARbamfSavcNXry/eu8aHVFei6CD3Sw+VGX5alea1i9pgPHW0mbu6Xj0uBh7gA=="
    "resolved" "https://registry.yarnpkg.com/env-paths/-/env-paths-2.2.0.tgz"
    "version" "2.2.0"
  
  "es6-error@^4.1.1":
    "integrity" "sha512-Um/+FxMr9CISWh0bi5Zv0iOD+4cFh5qLeks1qhAopKVAJw3drgKbKySikp7wGhDL0HPeaja0P5ULZrxLkniUVg=="
    "resolved" "https://registry.yarnpkg.com/es6-error/-/es6-error-4.1.1.tgz"
    "version" "4.1.1"
  
  "escalade@^3.1.1":
    "integrity" "sha512-k0er2gUkLf8O0zKJiAhmkTnJlTvINGv7ygDNPbeIsX/TJjGJZHuh9B2UxbsaEkmlEo9MfhrSzmhIlhRlI2GXnw=="
    "resolved" "https://registry.yarnpkg.com/escalade/-/escalade-3.1.1.tgz"
    "version" "3.1.1"
  
  "escape-goat@^2.0.0":
    "integrity" "sha512-8/uIhbG12Csjy2JEW7D9pHbreaVaS/OpN3ycnyvElTdwM5n6GY6W6e2IPemfvGZeUMqZ9A/3GqIZMgKnBhAw/Q=="
    "resolved" "https://registry.yarnpkg.com/escape-goat/-/escape-goat-2.1.1.tgz"
    "version" "2.1.1"
  
  "escape-string-regexp@^1.0.5":
    "integrity" "sha1-G2HAViGQqN/2rjuyzwIAyhMLhtQ="
    "resolved" "https://registry.yarnpkg.com/escape-string-regexp/-/escape-string-regexp-1.0.5.tgz"
    "version" "1.0.5"
  
  "escape-string-regexp@^4.0.0":
    "integrity" "sha512-TtpcNJ3XAzx3Gq8sWRzJaVajRs0uVxA2YAkdb1jm2YkPz4G6egUFAyA3n5vtEIZefPk5Wa4UXbKuS5fKkJWdgA=="
    "resolved" "https://registry.yarnpkg.com/escape-string-regexp/-/escape-string-regexp-4.0.0.tgz"
    "version" "4.0.0"
  
  "esprima@^4.0.0":
    "integrity" "sha512-eGuFFw7Upda+g4p+QHvnW0RyTX/SVeJBDM/gCtMARO0cLuT2HcEKnTPvhjV6aGeqrCB/sbNop0Kszm0jsaWU4A=="
    "resolved" "https://registry.yarnpkg.com/esprima/-/esprima-4.0.1.tgz"
    "version" "4.0.1"
  
  "extract-zip@^1.0.3":
    "integrity" "sha512-xoh5G1W/PB0/27lXgMQyIhP5DSY/LhoCsOyZgb+6iMmRtCwVBo55uKaMoEYrDCKQhWvqEip5ZPKAc6eFNyf/MA=="
    "resolved" "https://registry.yarnpkg.com/extract-zip/-/extract-zip-1.7.0.tgz"
    "version" "1.7.0"
    dependencies:
      "concat-stream" "^1.6.2"
      "debug" "^2.6.9"
      "mkdirp" "^0.5.4"
      "yauzl" "^2.10.0"
  
  "fast-deep-equal@^3.1.1":
    "integrity" "sha512-f3qQ9oQy9j2AhBe/H9VC91wLmKBCCU/gDOnKNAYG5hswO7BLKj09Hc5HYNz9cGI++xlpDCIgDaitVs03ATR84Q=="
    "resolved" "https://registry.yarnpkg.com/fast-deep-equal/-/fast-deep-equal-3.1.3.tgz"
    "version" "3.1.3"
  
  "fast-json-stable-stringify@^2.0.0":
    "integrity" "sha512-lhd/wF+Lk98HZoTCtlVraHtfh5XYijIjalXck7saUtuanSDyLMxnHhSXEDJqHxD7msR8D0uCmqlkwjCV8xvwHw=="
    "resolved" "https://registry.yarnpkg.com/fast-json-stable-stringify/-/fast-json-stable-stringify-2.1.0.tgz"
    "version" "2.1.0"
  
  "fd-slicer@~1.1.0":
    "integrity" "sha1-JcfInLH5B3+IkbvmHY85Dq4lbx4="
    "resolved" "https://registry.yarnpkg.com/fd-slicer/-/fd-slicer-1.1.0.tgz"
    "version" "1.1.0"
    dependencies:
      "pend" "~1.2.0"
  
  "filelist@^1.0.1":
    "integrity" "sha512-8zSK6Nu0DQIC08mUC46sWGXi+q3GGpKydAG36k+JDba6VRpkevvOWUW5a/PhShij4+vHT9M+ghgG7eM+a9JDUQ=="
    "resolved" "https://registry.yarnpkg.com/filelist/-/filelist-1.0.1.tgz"
    "version" "1.0.1"
    dependencies:
      "minimatch" "^3.0.4"
  
  "fs-extra@^8.1.0":
    "integrity" "sha512-yhlQgA6mnOJUKOsRUFsgJdQCvkKhcz8tlZG5HBQfReYZy46OwLcY+Zia0mtdHsOo9y/hP+CxMN0TU9QxoOtG4g=="
    "resolved" "https://registry.yarnpkg.com/fs-extra/-/fs-extra-8.1.0.tgz"
    "version" "8.1.0"
    dependencies:
      "graceful-fs" "^4.2.0"
      "jsonfile" "^4.0.0"
      "universalify" "^0.1.0"
  
  "fs-extra@^9.0.1":
    "integrity" "sha512-h2iAoN838FqAFJY2/qVpzFXy+EBxfVE220PalAqQLDVsFOHLJrZvut5puAbCdNv6WJk+B8ihI+k0c7JK5erwqQ=="
    "resolved" "https://registry.yarnpkg.com/fs-extra/-/fs-extra-9.0.1.tgz"
    "version" "9.0.1"
    dependencies:
      "at-least-node" "^1.0.0"
      "graceful-fs" "^4.2.0"
      "jsonfile" "^6.0.1"
      "universalify" "^1.0.0"
  
  "function-bind@^1.1.1":
    "integrity" "sha512-yIovAzMX49sF8Yl58fSCWJ5svSLuaibPxXQJFLmBObTuCr0Mf1KiPopGM9NiFjiYBCbfaa2Fh6breQ6ANVTI0A=="
    "resolved" "https://registry.yarnpkg.com/function-bind/-/function-bind-1.1.1.tgz"
    "version" "1.1.1"
  
  "get-caller-file@^2.0.5":
    "integrity" "sha512-DyFP3BM/3YHTQOCUL/w0OZHR0lpKeGrxotcHWcqNEdnltqFwXVfhEBQ94eIo34AfQpo0rGki4cyIiftY06h2Fg=="
    "resolved" "https://registry.yarnpkg.com/get-caller-file/-/get-caller-file-2.0.5.tgz"
    "version" "2.0.5"
  
  "get-stream@^4.1.0":
    "integrity" "sha512-GMat4EJ5161kIy2HevLlr4luNjBgvmj413KaQA7jt4V8B4RDsfpHk7WQ9GVqfYyyx8OS/L66Kox+rJRNklLK7w=="
    "resolved" "https://registry.yarnpkg.com/get-stream/-/get-stream-4.1.0.tgz"
    "version" "4.1.0"
    dependencies:
      "pump" "^3.0.0"
  
  "get-stream@^5.1.0":
    "integrity" "sha512-nBF+F1rAZVCu/p7rjzgA+Yb4lfYXrpl7a6VmJrU8wF9I1CKvP/QwPNZHnOlwbTkY6dvtFIzFMSyQXbLoTQPRpA=="
    "resolved" "https://registry.yarnpkg.com/get-stream/-/get-stream-5.2.0.tgz"
    "version" "5.2.0"
    dependencies:
      "pump" "^3.0.0"
  
  "global-agent@^2.0.2":
    "integrity" "sha512-caAljRMS/qcDo69X9BfkgrihGUgGx44Fb4QQToNQjsiWh+YlQ66uqYVAdA8Olqit+5Ng0nkz09je3ZzANMZcjg=="
    "resolved" "https://registry.yarnpkg.com/global-agent/-/global-agent-2.1.12.tgz"
    "version" "2.1.12"
    dependencies:
      "boolean" "^3.0.1"
      "core-js" "^3.6.5"
      "es6-error" "^4.1.1"
      "matcher" "^3.0.0"
      "roarr" "^2.15.3"
      "semver" "^7.3.2"
      "serialize-error" "^7.0.1"
  
  "global-dirs@^2.0.1":
    "integrity" "sha512-5HqUqdhkEovj2Of/ms3IeS/EekcO54ytHRLV4PEY2rhRwrHXLQjeVEES0Lhka0xwNDtGYn58wyC4s5+MHsOO6A=="
    "resolved" "https://registry.yarnpkg.com/global-dirs/-/global-dirs-2.0.1.tgz"
    "version" "2.0.1"
    dependencies:
      "ini" "^1.3.5"
  
  "global-tunnel-ng@^2.7.1":
    "integrity" "sha512-4s+DyciWBV0eK148wqXxcmVAbFVPqtc3sEtUE/GTQfuU80rySLcMhUmHKSHI7/LDj8q0gDYI1lIhRRB7ieRAqg=="
    "resolved" "https://registry.yarnpkg.com/global-tunnel-ng/-/global-tunnel-ng-2.7.1.tgz"
    "version" "2.7.1"
    dependencies:
      "encodeurl" "^1.0.2"
      "lodash" "^4.17.10"
      "npm-conf" "^1.1.3"
      "tunnel" "^0.0.6"
  
  "globalthis@^1.0.1":
    "integrity" "sha512-mJPRTc/P39NH/iNG4mXa9aIhNymaQikTrnspeCa2ZuJ+mH2QN/rXwtX3XwKrHqWgUQFbNZKtHM105aHzJalElw=="
    "resolved" "https://registry.yarnpkg.com/globalthis/-/globalthis-1.0.1.tgz"
    "version" "1.0.1"
    dependencies:
      "define-properties" "^1.1.3"
  
  "got@^9.6.0":
    "integrity" "sha512-R7eWptXuGYxwijs0eV+v3o6+XH1IqVK8dJOEecQfTmkncw9AV4dcw/Dhxi8MdlqPthxxpZyizMzyg8RTmEsG+Q=="
    "resolved" "https://registry.yarnpkg.com/got/-/got-9.6.0.tgz"
    "version" "9.6.0"
    dependencies:
      "@sindresorhus/is" "^0.14.0"
      "@szmarczak/http-timer" "^1.1.2"
      "cacheable-request" "^6.0.0"
      "decompress-response" "^3.3.0"
      "duplexer3" "^0.1.4"
      "get-stream" "^4.1.0"
      "lowercase-keys" "^1.0.1"
      "mimic-response" "^1.0.1"
      "p-cancelable" "^1.0.0"
      "to-readable-stream" "^1.0.0"
      "url-parse-lax" "^3.0.0"
  
  "graceful-fs@^4.1.2", "graceful-fs@^4.1.6", "graceful-fs@^4.2.0":
    "integrity" "sha512-WjKPNJF79dtJAVniUlGGWHYGz2jWxT6VhN/4m1NdkbZ2nOsEF+cI1Edgql5zCRhs/VsQYRvrXctxktVXZUkixw=="
    "resolved" "https://registry.yarnpkg.com/graceful-fs/-/graceful-fs-4.2.4.tgz"
    "version" "4.2.4"
  
  "has-flag@^3.0.0":
    "integrity" "sha1-tdRU3CGZriJWmfNGfloH87lVuv0="
    "resolved" "https://registry.yarnpkg.com/has-flag/-/has-flag-3.0.0.tgz"
    "version" "3.0.0"
  
  "has-flag@^4.0.0":
    "integrity" "sha512-EykJT/Q1KjTWctppgIAgfSO0tKVuZUjhgMr17kqTumMl6Afv3EISleU7qZUzoXDFTAHTDC4NOoG/ZxU3EvlMPQ=="
    "resolved" "https://registry.yarnpkg.com/has-flag/-/has-flag-4.0.0.tgz"
    "version" "4.0.0"
  
  "has-yarn@^2.1.0":
    "integrity" "sha512-UqBRqi4ju7T+TqGNdqAO0PaSVGsDGJUBQvk9eUWNGRY1CFGDzYhLWoM7JQEemnlvVcv/YEmc2wNW8BC24EnUsw=="
    "resolved" "https://registry.yarnpkg.com/has-yarn/-/has-yarn-2.1.0.tgz"
    "version" "2.1.0"
  
  "has@^1.0.3":
    "integrity" "sha512-f2dvO0VU6Oej7RkWJGrehjbzMAjFp5/VKPp5tTpWIV4JHHZK1/BxbFRtf/siA2SWTe09caDmVtYYzWEIbBS4zw=="
    "resolved" "https://registry.yarnpkg.com/has/-/has-1.0.3.tgz"
    "version" "1.0.3"
    dependencies:
      "function-bind" "^1.1.1"
  
  "hosted-git-info@^2.1.4":
    "integrity" "sha512-f/wzC2QaWBs7t9IYqB4T3sR1xviIViXJRJTWBlx2Gf3g0Xi5vI7Yy4koXQ1c9OYDGHN9sBy1DQ2AB8fqZBWhUg=="
    "resolved" "https://registry.yarnpkg.com/hosted-git-info/-/hosted-git-info-2.8.8.tgz"
    "version" "2.8.8"
  
  "hosted-git-info@^3.0.5":
    "integrity" "sha512-fWqc0IcuXs+BmE9orLDyVykAG9GJtGLGuZAAqgcckPgv5xad4AcXGIv8galtQvlwutxSlaMcdw7BUtq2EIvqCQ=="
    "resolved" "https://registry.yarnpkg.com/hosted-git-info/-/hosted-git-info-3.0.7.tgz"
    "version" "3.0.7"
    dependencies:
      "lru-cache" "^6.0.0"
  
  "http-cache-semantics@^4.0.0":
    "integrity" "sha512-carPklcUh7ROWRK7Cv27RPtdhYhUsela/ue5/jKzjegVvXDqM2ILE9Q2BGn9JZJh1g87cp56su/FgQSzcWS8cQ=="
    "resolved" "https://registry.yarnpkg.com/http-cache-semantics/-/http-cache-semantics-4.1.0.tgz"
    "version" "4.1.0"
  
  "hyperlink-parser@0.0.1-alpha.2":
    "integrity" "sha512-C1T5Imtu130n0uuOHZ7xcklXJNarBLTw86W0v9XHgVsQ9ZfdY2wSqjCdXMEa01lcyv9jNgdJaFUuHWDNiTt2lA=="
    "resolved" "https://registry.yarnpkg.com/hyperlink-parser/-/hyperlink-parser-0.0.1-alpha.2.tgz"
    "version" "0.0.1-alpha.2"
  
  "iconv-lite@^0.6.2":
    "integrity" "sha512-2y91h5OpQlolefMPmUlivelittSWy0rP+oYVpn6A7GwVHNE8AWzoYOBNmlwks3LobaJxgHCYZAnyNo2GgpNRNQ=="
    "resolved" "https://registry.yarnpkg.com/iconv-lite/-/iconv-lite-0.6.2.tgz"
    "version" "0.6.2"
    dependencies:
      "safer-buffer" ">= 2.1.2 < 3.0.0"
  
  "import-lazy@^2.1.0":
    "integrity" "sha1-BWmOPUXIjo1+nZLLBYTnfwlvPkM="
    "resolved" "https://registry.yarnpkg.com/import-lazy/-/import-lazy-2.1.0.tgz"
    "version" "2.1.0"
  
  "imurmurhash@^0.1.4":
    "integrity" "sha1-khi5srkoojixPcT7a21XbyMUU+o="
    "resolved" "https://registry.yarnpkg.com/imurmurhash/-/imurmurhash-0.1.4.tgz"
    "version" "0.1.4"
  
  "inherits@^2.0.3", "inherits@~2.0.3":
    "integrity" "sha512-k/vGaX4/Yla3WzyMCvTQOXYeIHvqOKtnqBduzTHpzpQZzAskKMhZ2K+EnBiSM9zGSoIFeMpXKxa4dYeZIQqewQ=="
    "resolved" "https://registry.yarnpkg.com/inherits/-/inherits-2.0.4.tgz"
    "version" "2.0.4"
  
  "ini@^1.3.4", "ini@^1.3.5", "ini@~1.3.0":
    "integrity" "sha512-RZY5huIKCMRWDUqZlEi72f/lmXKMvuszcMBduliQ3nnWbx9X/ZBQO7DijMEYS9EhHBb2qacRUMtC7svLwe0lcw=="
    "resolved" "https://registry.yarnpkg.com/ini/-/ini-1.3.5.tgz"
    "version" "1.3.5"
  
  "is-ci@^2.0.0":
    "integrity" "sha512-YfJT7rkpQB0updsdHLGWrvhBJfcfzNNawYDNIyQXJz0IViGf75O8EBPKSdvw2rF+LGCsX4FZ8tcr3b19LcZq4w=="
    "resolved" "https://registry.yarnpkg.com/is-ci/-/is-ci-2.0.0.tgz"
    "version" "2.0.0"
    dependencies:
      "ci-info" "^2.0.0"
  
  "is-core-module@^2.0.0":
    "integrity" "sha512-jq1AH6C8MuteOoBPwkxHafmByhL9j5q4OaPGdbuD+ZtQJVzH+i6E3BJDQcBA09k57i2Hh2yQbEG8yObZ0jdlWw=="
    "resolved" "https://registry.yarnpkg.com/is-core-module/-/is-core-module-2.0.0.tgz"
    "version" "2.0.0"
    dependencies:
      "has" "^1.0.3"
  
  "is-fullwidth-code-point@^2.0.0":
    "integrity" "sha1-o7MKXE8ZkYMWeqq5O+764937ZU8="
    "resolved" "https://registry.yarnpkg.com/is-fullwidth-code-point/-/is-fullwidth-code-point-2.0.0.tgz"
    "version" "2.0.0"
  
  "is-fullwidth-code-point@^3.0.0":
    "integrity" "sha512-zymm5+u+sCsSWyD9qNaejV3DFvhCKclKdizYaJUuHA83RLjb7nSuGnddCHGv0hk+KY7BMAlsWeK4Ueg6EV6XQg=="
    "resolved" "https://registry.yarnpkg.com/is-fullwidth-code-point/-/is-fullwidth-code-point-3.0.0.tgz"
    "version" "3.0.0"
  
  "is-installed-globally@^0.3.1":
    "integrity" "sha512-wZ8x1js7Ia0kecP/CHM/3ABkAmujX7WPvQk6uu3Fly/Mk44pySulQpnHG46OMjHGXApINnV4QhY3SWnECO2z5g=="
    "resolved" "https://registry.yarnpkg.com/is-installed-globally/-/is-installed-globally-0.3.2.tgz"
    "version" "0.3.2"
    dependencies:
      "global-dirs" "^2.0.1"
      "is-path-inside" "^3.0.1"
  
  "is-npm@^4.0.0":
    "integrity" "sha512-96ECIfh9xtDDlPylNPXhzjsykHsMJZ18ASpaWzQyBr4YRTcVjUvzaHayDAES2oU/3KpljhHUjtSRNiDwi0F0ig=="
    "resolved" "https://registry.yarnpkg.com/is-npm/-/is-npm-4.0.0.tgz"
    "version" "4.0.0"
  
  "is-obj@^2.0.0":
    "integrity" "sha512-drqDG3cbczxxEJRoOXcOjtdp1J/lyp1mNn0xaznRs8+muBhgQcrnbspox5X5fOw0HnMnbfDzvnEMEtqDEJEo8w=="
    "resolved" "https://registry.yarnpkg.com/is-obj/-/is-obj-2.0.0.tgz"
    "version" "2.0.0"
  
  "is-path-inside@^3.0.1":
    "integrity" "sha512-/2UGPSgmtqwo1ktx8NDHjuPwZWmHhO+gj0f93EkhLB5RgW9RZevWYYlIkS6zePc6U2WpOdQYIwHe9YC4DWEBVg=="
    "resolved" "https://registry.yarnpkg.com/is-path-inside/-/is-path-inside-3.0.2.tgz"
    "version" "3.0.2"
  
  "is-typedarray@^1.0.0":
    "integrity" "sha1-5HnICFjfDBsR3dppQPlgEfzaSpo="
    "resolved" "https://registry.yarnpkg.com/is-typedarray/-/is-typedarray-1.0.0.tgz"
    "version" "1.0.0"
  
  "is-yarn-global@^0.3.0":
    "integrity" "sha512-VjSeb/lHmkoyd8ryPVIKvOCn4D1koMqY+vqyjjUfc3xyKtP4dYOxM44sZrnqQSzSds3xyOrUTLTC9LVCVgLngw=="
    "resolved" "https://registry.yarnpkg.com/is-yarn-global/-/is-yarn-global-0.3.0.tgz"
    "version" "0.3.0"
  
  "isarray@~1.0.0":
    "integrity" "sha1-u5NdSFgsuhaMBoNJV6VKPgcSTxE="
    "resolved" "https://registry.yarnpkg.com/isarray/-/isarray-1.0.0.tgz"
    "version" "1.0.0"
  
  "isbinaryfile@^4.0.6":
    "integrity" "sha512-ORrEy+SNVqUhrCaal4hA4fBzhggQQ+BaLntyPOdoEiwlKZW9BZiJXjg3RMiruE4tPEI3pyVPpySHQF/dKWperg=="
    "resolved" "https://registry.yarnpkg.com/isbinaryfile/-/isbinaryfile-4.0.6.tgz"
    "version" "4.0.6"
  
  "jake@^10.6.1":
    "integrity" "sha512-eLpKyrfG3mzvGE2Du8VoPbeSkRry093+tyNjdYaBbJS9v17knImYGNXQCUV0gLxQtF82m3E8iRb/wdSQZLoq7A=="
    "resolved" "https://registry.yarnpkg.com/jake/-/jake-10.8.2.tgz"
    "version" "10.8.2"
    dependencies:
      "async" "0.9.x"
      "chalk" "^2.4.2"
      "filelist" "^1.0.1"
      "minimatch" "^3.0.4"
  
  "js-yaml@^3.13.1", "js-yaml@^3.14.0":
    "integrity" "sha512-/4IbIeHcD9VMHFqDR/gQ7EdZdLimOvW2DdcxFjdyyZ9NsbS+ccrXqVWDtab/lRl5AlUqmpBx8EhPaWR+OtY17A=="
    "resolved" "https://registry.yarnpkg.com/js-yaml/-/js-yaml-3.14.0.tgz"
    "version" "3.14.0"
    dependencies:
      "argparse" "^1.0.7"
      "esprima" "^4.0.0"
  
  "json-buffer@3.0.0":
    "integrity" "sha1-Wx85evx11ne96Lz8Dkfh+aPZqJg="
    "resolved" "https://registry.yarnpkg.com/json-buffer/-/json-buffer-3.0.0.tgz"
    "version" "3.0.0"
  
  "json-schema-traverse@^0.4.1":
    "integrity" "sha512-xbbCH5dCYU5T8LcEhhuh7HJ88HXuW3qsI3Y0zOZFKfZEHcpWiHU/Jxzk629Brsab/mMiHQti9wMP+845RPe3Vg=="
    "resolved" "https://registry.yarnpkg.com/json-schema-traverse/-/json-schema-traverse-0.4.1.tgz"
    "version" "0.4.1"
  
  "json-stringify-safe@^5.0.1":
    "integrity" "sha1-Epai1Y/UXxmg9s4B1lcB4sc1tus="
    "resolved" "https://registry.yarnpkg.com/json-stringify-safe/-/json-stringify-safe-5.0.1.tgz"
    "version" "5.0.1"
  
  "json5@^2.1.2":
    "integrity" "sha512-KXPvOm8K9IJKFM0bmdn8QXh7udDh1g/giieX0NLCaMnb4hEiVFqnop2ImTXCc5e0/oHz3LTqmHGtExn5hfMkOA=="
    "resolved" "https://registry.yarnpkg.com/json5/-/json5-2.1.3.tgz"
    "version" "2.1.3"
    dependencies:
      "minimist" "^1.2.5"
  
  "jsonfile@^4.0.0":
    "integrity" "sha1-h3Gq4HmbZAdrdmQPygWPnBDjPss="
    "resolved" "https://registry.yarnpkg.com/jsonfile/-/jsonfile-4.0.0.tgz"
    "version" "4.0.0"
    dependencies:
      "graceful-fs" "^4.1.6"
    optionalDependencies:
      "graceful-fs" "^4.1.6"
  
  "jsonfile@^6.0.1":
    "integrity" "sha512-5dgndWOriYSm5cnYaJNhalLNDKOqFwyDB/rr1E9ZsGciGvKPs8R2xYGCacuf3z6K1YKDz182fd+fY3cn3pMqXQ=="
    "resolved" "https://registry.yarnpkg.com/jsonfile/-/jsonfile-6.1.0.tgz"
    "version" "6.1.0"
    dependencies:
      "graceful-fs" "^4.1.6"
      "universalify" "^2.0.0"
    optionalDependencies:
      "graceful-fs" "^4.1.6"
  
  "keyv@^3.0.0":
    "integrity" "sha512-9ykJ/46SN/9KPM/sichzQ7OvXyGDYKGTaDlKMGCAlg2UK8KRy4jb0d8sFc+0Tt0YYnThq8X2RZgCg74RPxgcVA=="
    "resolved" "https://registry.yarnpkg.com/keyv/-/keyv-3.1.0.tgz"
    "version" "3.1.0"
    dependencies:
      "json-buffer" "3.0.0"
  
  "latest-version@^5.0.0":
    "integrity" "sha512-weT+r0kTkRQdCdYCNtkMwWXQTMEswKrFBkm4ckQOMVhhqhIMI1UT2hMj+1iigIhgSZm5gTmrRXBNoGUgaTY1xA=="
    "resolved" "https://registry.yarnpkg.com/latest-version/-/latest-version-5.1.0.tgz"
    "version" "5.1.0"
    dependencies:
      "package-json" "^6.3.0"
  
  "lazy-val@^1.0.4":
    "integrity" "sha512-u93kb2fPbIrfzBuLjZE+w+fJbUUMhNDXxNmMfaqNgpfQf1CO5ZSe2LfsnBqVAk7i/2NF48OSoRj+Xe2VT+lE8Q=="
    "resolved" "https://registry.yarnpkg.com/lazy-val/-/lazy-val-1.0.4.tgz"
    "version" "1.0.4"
  
  "lodash@^4.17.10":
    "integrity" "sha512-PlhdFcillOINfeV7Ni6oF1TAEayyZBoZ8bcshTHqOYJYlrqzRK5hagpagky5o4HfCzzd1TRkXPMFq6cKk9rGmA=="
    "resolved" "https://registry.yarnpkg.com/lodash/-/lodash-4.17.20.tgz"
    "version" "4.17.20"
  
  "lowercase-keys@^1.0.0", "lowercase-keys@^1.0.1":
    "integrity" "sha512-G2Lj61tXDnVFFOi8VZds+SoQjtQC3dgokKdDG2mTm1tx4m50NUHBOZSBwQQHyy0V12A0JTG4icfZQH+xPyh8VA=="
    "resolved" "https://registry.yarnpkg.com/lowercase-keys/-/lowercase-keys-1.0.1.tgz"
    "version" "1.0.1"
  
  "lowercase-keys@^2.0.0":
    "integrity" "sha512-tqNXrS78oMOE73NMxK4EMLQsQowWf8jKooH9g7xPavRT706R6bkQJ6DY2Te7QukaZsulxa30wQ7bk0pm4XiHmA=="
    "resolved" "https://registry.yarnpkg.com/lowercase-keys/-/lowercase-keys-2.0.0.tgz"
    "version" "2.0.0"
  
  "lru-cache@^6.0.0":
    "integrity" "sha512-Jo6dJ04CmSjuznwJSS3pUeWmd/H0ffTlkXXgwZi+eq1UCmqQwCh+eLsYOYCwY991i2Fah4h1BEMCx4qThGbsiA=="
    "resolved" "https://registry.yarnpkg.com/lru-cache/-/lru-cache-6.0.0.tgz"
    "version" "6.0.0"
    dependencies:
      "yallist" "^4.0.0"
  
  "make-dir@^3.0.0":
    "integrity" "sha512-g3FeP20LNwhALb/6Cz6Dd4F2ngze0jz7tbzrD2wAV+o9FeNHe4rL+yK2md0J/fiSf1sa1ADhXqi5+oVwOM/eGw=="
    "resolved" "https://registry.yarnpkg.com/make-dir/-/make-dir-3.1.0.tgz"
    "version" "3.1.0"
    dependencies:
      "semver" "^6.0.0"
  
  "matcher@^3.0.0":
    "integrity" "sha512-OkeDaAZ/bQCxeFAozM55PKcKU0yJMPGifLwV4Qgjitu+5MoAfSQN4lsLJeXZ1b8w0x+/Emda6MZgXS1jvsapng=="
    "resolved" "https://registry.yarnpkg.com/matcher/-/matcher-3.0.0.tgz"
    "version" "3.0.0"
    dependencies:
      "escape-string-regexp" "^4.0.0"
  
  "mime@^2.4.6":
    "integrity" "sha512-RZKhC3EmpBchfTGBVb8fb+RL2cWyw/32lshnsETttkBAyAUXSGHxbEJWWRXc751DrIxG1q04b8QwMbAwkRPpUA=="
    "resolved" "https://registry.yarnpkg.com/mime/-/mime-2.4.6.tgz"
    "version" "2.4.6"
  
  "mimic-response@^1.0.0", "mimic-response@^1.0.1":
    "integrity" "sha512-j5EctnkH7amfV/q5Hgmoal1g2QHFJRraOtmx0JpIqkxhBhI/lJSl1nMpQ45hVarwNETOoWEimndZ4QK0RHxuxQ=="
    "resolved" "https://registry.yarnpkg.com/mimic-response/-/mimic-response-1.0.1.tgz"
    "version" "1.0.1"
  
  "minimatch@^3.0.4":
    "integrity" "sha512-yJHVQEhyqPLUTgt9B83PXu6W3rx4MvvHvSUvToogpwoGDOUQ+yDrR0HRot+yOCdCO7u4hX3pWft6kWBBcqh0UA=="
    "resolved" "https://registry.yarnpkg.com/minimatch/-/minimatch-3.0.4.tgz"
    "version" "3.0.4"
    dependencies:
      "brace-expansion" "^1.1.7"
  
  "minimist@^1.2.0", "minimist@^1.2.5":
    "integrity" "sha512-FM9nNUYrRBAELZQT3xeZQ7fmMOBg6nWNmJKTcgsJeaLstP/UODVpGsr5OhXhhXg6f+qtJ8uiZ+PUxkDWcgIXLw=="
    "resolved" "https://registry.yarnpkg.com/minimist/-/minimist-1.2.5.tgz"
    "version" "1.2.5"
  
  "mkdirp@^0.5.4":
    "integrity" "sha512-NKmAlESf6jMGym1++R0Ra7wvhV+wFW63FaSOFPwRahvea0gMUcGUhVeAg/0BC0wiv9ih5NYPB1Wn1UEI1/L+xQ=="
    "resolved" "https://registry.yarnpkg.com/mkdirp/-/mkdirp-0.5.5.tgz"
    "version" "0.5.5"
    dependencies:
      "minimist" "^1.2.5"
  
  "ms@2.0.0":
    "integrity" "sha1-VgiurfwAvmwpAd9fmGF4jeDVl8g="
    "resolved" "https://registry.yarnpkg.com/ms/-/ms-2.0.0.tgz"
    "version" "2.0.0"
  
  "ms@2.1.2":
    "integrity" "sha512-sGkPx+VjMtmA6MX27oA4FBFELFCZZ4S4XqeGOXCv68tT+jb3vk/RyaKWP0PTKyWtmLSM0b+adUTEvbs1PEaH2w=="
    "resolved" "https://registry.yarnpkg.com/ms/-/ms-2.1.2.tgz"
    "version" "2.1.2"
  
  "normalize-package-data@^2.5.0":
    "integrity" "sha512-/5CMN3T0R4XTj4DcGaexo+roZSdSFW/0AOOTROrjxzCG1wrWXEsGbRKevjlIL+ZDE4sZlJr5ED4YW0yqmkK+eA=="
    "resolved" "https://registry.yarnpkg.com/normalize-package-data/-/normalize-package-data-2.5.0.tgz"
    "version" "2.5.0"
    dependencies:
      "hosted-git-info" "^2.1.4"
      "resolve" "^1.10.0"
      "semver" "2 || 3 || 4 || 5"
      "validate-npm-package-license" "^3.0.1"
  
  "normalize-url@^4.1.0":
    "integrity" "sha512-2s47yzUxdexf1OhyRi4Em83iQk0aPvwTddtFz4hnSSw9dCEsLEGf6SwIO8ss/19S9iBb5sJaOuTvTGDeZI00BQ=="
    "resolved" "https://registry.yarnpkg.com/normalize-url/-/normalize-url-4.5.0.tgz"
    "version" "4.5.0"
  
  "npm-conf@^1.1.3":
    "integrity" "sha512-Yic4bZHJOt9RCFbRP3GgpqhScOY4HH3V2P8yBj6CeYq118Qr+BLXqT2JvpJ00mryLESpgOxf5XlFv4ZjXxLScw=="
    "resolved" "https://registry.yarnpkg.com/npm-conf/-/npm-conf-1.1.3.tgz"
    "version" "1.1.3"
    dependencies:
      "config-chain" "^1.1.11"
      "pify" "^3.0.0"
  
  "object-keys@^1.0.12":
    "integrity" "sha512-NuAESUOUMrlIXOfHKzD6bpPu3tYt3xvjNdRIQ+FeT0lNb4K8WR70CaDxhuNguS2XG+GjkyMwOzsN5ZktImfhLA=="
    "resolved" "https://registry.yarnpkg.com/object-keys/-/object-keys-1.1.1.tgz"
    "version" "1.1.1"
  
  "once@^1.3.1", "once@^1.4.0":
    "integrity" "sha1-WDsap3WWHUsROsF9nFC6753Xa9E="
    "resolved" "https://registry.yarnpkg.com/once/-/once-1.4.0.tgz"
    "version" "1.4.0"
    dependencies:
      "wrappy" "1"
  
  "p-cancelable@^1.0.0":
    "integrity" "sha512-s73XxOZ4zpt1edZYZzvhqFa6uvQc1vwUa0K0BdtIZgQMAJj9IbebH+JkgKZc9h+B05PKHLOTl4ajG1BmNrVZlw=="
    "resolved" "https://registry.yarnpkg.com/p-cancelable/-/p-cancelable-1.1.0.tgz"
    "version" "1.1.0"
  
  "package-json@^6.3.0":
    "integrity" "sha512-k3bdm2n25tkyxcjSKzB5x8kfVxlMdgsbPr0GkZcwHsLpba6cBjqCt1KlcChKEvxHIcTB1FVMuwoijZ26xex5MQ=="
    "resolved" "https://registry.yarnpkg.com/package-json/-/package-json-6.5.0.tgz"
    "version" "6.5.0"
    dependencies:
      "got" "^9.6.0"
      "registry-auth-token" "^4.0.0"
      "registry-url" "^5.0.0"
      "semver" "^6.2.0"
  
  "path-parse@^1.0.6":
    "integrity" "sha512-GSmOT2EbHrINBf9SR7CDELwlJ8AENk3Qn7OikK4nFYAu3Ote2+JYNVvkpAEQm3/TLNEJFD/xZJjzyxg3KBWOzw=="
    "resolved" "https://registry.yarnpkg.com/path-parse/-/path-parse-1.0.6.tgz"
    "version" "1.0.6"
  
  "pend@~1.2.0":
    "integrity" "sha1-elfrVQpng/kRUzH89GY9XI4AelA="
    "resolved" "https://registry.yarnpkg.com/pend/-/pend-1.2.0.tgz"
    "version" "1.2.0"
  
  "pify@^3.0.0":
    "integrity" "sha1-5aSs0sEB/fPZpNB/DbxNtJ3SgXY="
    "resolved" "https://registry.yarnpkg.com/pify/-/pify-3.0.0.tgz"
    "version" "3.0.0"
  
  "prepend-http@^2.0.0":
    "integrity" "sha1-6SQ0v6XqjBn0HN/UAddBo8gZ2Jc="
    "resolved" "https://registry.yarnpkg.com/prepend-http/-/prepend-http-2.0.0.tgz"
    "version" "2.0.0"
  
  "process-nextick-args@~2.0.0":
    "integrity" "sha512-3ouUOpQhtgrbOa17J7+uxOTpITYWaGP7/AhoR3+A+/1e9skrzelGi/dXzEYyvbxubEF6Wn2ypscTKiKJFFn1ag=="
    "resolved" "https://registry.yarnpkg.com/process-nextick-args/-/process-nextick-args-2.0.1.tgz"
    "version" "2.0.1"
  
  "progress@^2.0.3":
    "integrity" "sha512-7PiHtLll5LdnKIMw100I+8xJXR5gW2QwWYkT6iJva0bXitZKa/XMrSbdmg3r2Xnaidz9Qumd0VPaMrZlF9V9sA=="
    "resolved" "https://registry.yarnpkg.com/progress/-/progress-2.0.3.tgz"
    "version" "2.0.3"
  
  "proto-list@~1.2.1":
    "integrity" "sha1-IS1b/hMYMGpCD2QCuOJv85ZHqEk="
    "resolved" "https://registry.yarnpkg.com/proto-list/-/proto-list-1.2.4.tgz"
    "version" "1.2.4"
  
  "pump@^3.0.0":
    "integrity" "sha512-LwZy+p3SFs1Pytd/jYct4wpv49HiYCqd9Rlc5ZVdk0V+8Yzv6jR5Blk3TRmPL1ft69TxP0IMZGJ+WPFU2BFhww=="
    "resolved" "https://registry.yarnpkg.com/pump/-/pump-3.0.0.tgz"
    "version" "3.0.0"
    dependencies:
      "end-of-stream" "^1.1.0"
      "once" "^1.3.1"
  
  "punycode@^2.1.0":
    "integrity" "sha512-XRsRjdf+j5ml+y/6GKHPZbrF/8p2Yga0JPtdqTIY2Xe5ohJPD9saDJJLPvp9+NSBprVvevdXZybnj2cv8OEd0A=="
    "resolved" "https://registry.yarnpkg.com/punycode/-/punycode-2.1.1.tgz"
    "version" "2.1.1"
  
  "pupa@^2.0.1":
    "integrity" "sha512-l1jNAspIBSFqbT+y+5FosojNpVpF94nlI+wDUpqP9enwOTfHx9f0gh5nB96vl+6yTpsJsypeNrwfzPrKuHB41A=="
    "resolved" "https://registry.yarnpkg.com/pupa/-/pupa-2.1.1.tgz"
    "version" "2.1.1"
    dependencies:
      "escape-goat" "^2.0.0"
  
  "rc@^1.2.8":
    "integrity" "sha512-y3bGgqKj3QBdxLbLkomlohkvsA8gdAiUQlSBJnBhfn+BPxg4bc62d8TcBW15wavDfgexCgccckhcZvywyQYPOw=="
    "resolved" "https://registry.yarnpkg.com/rc/-/rc-1.2.8.tgz"
    "version" "1.2.8"
    dependencies:
      "deep-extend" "^0.6.0"
      "ini" "~1.3.0"
      "minimist" "^1.2.0"
      "strip-json-comments" "~2.0.1"
  
  "read-config-file@6.0.0":
    "integrity" "sha512-PHjROSdpceKUmqS06wqwP92VrM46PZSTubmNIMJ5DrMwg1OgenSTSEHIkCa6TiOJ+y/J0xnG1fFwG3M+Oi1aNA=="
    "resolved" "https://registry.yarnpkg.com/read-config-file/-/read-config-file-6.0.0.tgz"
    "version" "6.0.0"
    dependencies:
      "dotenv" "^8.2.0"
      "dotenv-expand" "^5.1.0"
      "js-yaml" "^3.13.1"
      "json5" "^2.1.2"
      "lazy-val" "^1.0.4"
  
  "readable-stream@^2.2.2":
    "integrity" "sha512-Ebho8K4jIbHAxnuxi7o42OrZgF/ZTNcsZj6nRKyUmkhLFq8CHItp/fy6hQZuZmP/n3yZ9VBUbp4zz/mX8hmYPw=="
    "resolved" "https://registry.yarnpkg.com/readable-stream/-/readable-stream-2.3.7.tgz"
    "version" "2.3.7"
    dependencies:
      "core-util-is" "~1.0.0"
      "inherits" "~2.0.3"
      "isarray" "~1.0.0"
      "process-nextick-args" "~2.0.0"
      "safe-buffer" "~5.1.1"
      "string_decoder" "~1.1.1"
      "util-deprecate" "~1.0.1"
  
  "registry-auth-token@^4.0.0":
    "integrity" "sha512-P+lWzPrsgfN+UEpDS3U8AQKg/UjZX6mQSJueZj3EK+vNESoqBSpBUD3gmu4sF9lOsjXWjF11dQKUqemf3veq1w=="
    "resolved" "https://registry.yarnpkg.com/registry-auth-token/-/registry-auth-token-4.2.0.tgz"
    "version" "4.2.0"
    dependencies:
      "rc" "^1.2.8"
  
  "registry-url@^5.0.0":
    "integrity" "sha512-8acYXXTI0AkQv6RAOjE3vOaIXZkT9wo4LOFbBKYQEEnnMNBpKqdUrI6S4NT0KPIo/WVvJ5tE/X5LF/TQUf0ekw=="
    "resolved" "https://registry.yarnpkg.com/registry-url/-/registry-url-5.1.0.tgz"
    "version" "5.1.0"
    dependencies:
      "rc" "^1.2.8"
  
  "require-directory@^2.1.1":
    "integrity" "sha1-jGStX9MNqxyXbiNE/+f3kqam30I="
    "resolved" "https://registry.yarnpkg.com/require-directory/-/require-directory-2.1.1.tgz"
    "version" "2.1.1"
  
  "resolve@^1.10.0":
    "integrity" "sha512-lDfCPaMKfOJXjy0dPayzPdF1phampNWr3qFCjAu+rw/qbQmr5jWH5xN2hwh9QKfw9E5v4hwV7A+jrCmL8yjjqA=="
    "resolved" "https://registry.yarnpkg.com/resolve/-/resolve-1.18.1.tgz"
    "version" "1.18.1"
    dependencies:
      "is-core-module" "^2.0.0"
      "path-parse" "^1.0.6"
  
  "responselike@^1.0.2":
    "integrity" "sha1-kYcg7ztjHFZCvgaPFa3lpG9Loec="
    "resolved" "https://registry.yarnpkg.com/responselike/-/responselike-1.0.2.tgz"
    "version" "1.0.2"
    dependencies:
      "lowercase-keys" "^1.0.0"
  
  "roarr@^2.15.3":
    "integrity" "sha512-CHhPh+UNHD2GTXNYhPWLnU8ONHdI+5DI+4EYIAOaiD63rHeYlZvyh8P+in5999TTSFgUYuKUAjzRI4mdh/p+2A=="
    "resolved" "https://registry.yarnpkg.com/roarr/-/roarr-2.15.4.tgz"
    "version" "2.15.4"
    dependencies:
      "boolean" "^3.0.1"
      "detect-node" "^2.0.4"
      "globalthis" "^1.0.1"
      "json-stringify-safe" "^5.0.1"
      "semver-compare" "^1.0.0"
      "sprintf-js" "^1.1.2"
  
  "safe-buffer@~5.1.0", "safe-buffer@~5.1.1":
    "integrity" "sha512-Gd2UZBJDkXlY7GbJxfsE8/nvKkUEU1G38c1siN6QP6a9PT9MmHB8GnpscSmMJSoF8LOIrt8ud/wPtojys4G6+g=="
    "resolved" "https://registry.yarnpkg.com/safe-buffer/-/safe-buffer-5.1.2.tgz"
    "version" "5.1.2"
  
  "safer-buffer@>= 2.1.2 < 3.0.0":
    "integrity" "sha512-YZo3K82SD7Riyi0E1EQPojLz7kpepnSQI9IyPbHHg1XXXevb5dJI7tpyN2ADxGcQbHG7vcyRHk0cbwqcQriUtg=="
    "resolved" "https://registry.yarnpkg.com/safer-buffer/-/safer-buffer-2.1.2.tgz"
    "version" "2.1.2"
  
  "sanitize-filename@^1.6.2", "sanitize-filename@^1.6.3":
    "integrity" "sha512-y/52Mcy7aw3gRm7IrcGDFx/bCk4AhRh2eI9luHOQM86nZsqwiRkkq2GekHXBBD+SmPidc8i2PqtYZl+pWJ8Oeg=="
    "resolved" "https://registry.yarnpkg.com/sanitize-filename/-/sanitize-filename-1.6.3.tgz"
    "version" "1.6.3"
    dependencies:
      "truncate-utf8-bytes" "^1.0.0"
  
  "sax@^1.2.4":
    "integrity" "sha512-NqVDv9TpANUjFm0N8uM5GxL36UgKi9/atZw+x7YFnQ8ckwFGKrl4xX4yWtrey3UJm5nP1kUbnYgLopqWNSRhWw=="
    "resolved" "https://registry.yarnpkg.com/sax/-/sax-1.2.4.tgz"
    "version" "1.2.4"
  
  "semver-compare@^1.0.0":
    "integrity" "sha1-De4hahyUGrN+nvsXiPavxf9VN/w="
    "resolved" "https://registry.yarnpkg.com/semver-compare/-/semver-compare-1.0.0.tgz"
    "version" "1.0.0"
  
  "semver-diff@^3.1.1":
    "integrity" "sha512-GX0Ix/CJcHyB8c4ykpHGIAvLyOwOobtM/8d+TQkAd81/bEjgPHrfba41Vpesr7jX/t8Uh+R3EX9eAS5be+jQYg=="
    "resolved" "https://registry.yarnpkg.com/semver-diff/-/semver-diff-3.1.1.tgz"
    "version" "3.1.1"
    dependencies:
      "semver" "^6.3.0"
  
  "semver@^6.0.0", "semver@^6.2.0", "semver@^6.3.0":
    "integrity" "sha512-b39TBaTSfV6yBrapU89p5fKekE2m/NwnDocOVruQFS1/veMgdzuPcnOM34M6CwxW8jH/lxEa5rBoDeUwu5HHTw=="
    "resolved" "https://registry.yarnpkg.com/semver/-/semver-6.3.0.tgz"
    "version" "6.3.0"
  
  "semver@^7.3.2":
    "integrity" "sha512-OrOb32TeeambH6UrhtShmF7CRDqhL6/5XpPNp2DuRH6+9QLw/orhp72j87v8Qa1ScDkvrrBNpZcDejAirJmfXQ=="
    "resolved" "https://registry.yarnpkg.com/semver/-/semver-7.3.2.tgz"
    "version" "7.3.2"
  
  "semver@2 || 3 || 4 || 5":
    "integrity" "sha512-sauaDf/PZdVgrLTNYHRtpXa1iRiKcaebiKQ1BJdpQlWH2lCvexQdX55snPFyK7QzpudqbCI0qXFfOasHdyNDGQ=="
    "resolved" "https://registry.yarnpkg.com/semver/-/semver-5.7.1.tgz"
    "version" "5.7.1"
  
  "serialize-error@^7.0.1":
    "integrity" "sha512-8I8TjW5KMOKsZQTvoxjuSIa7foAwPWGOts+6o7sgjz41/qMD9VQHEDxi6PBvK2l0MXUmqZyNpUK+T2tQaaElvw=="
    "resolved" "https://registry.yarnpkg.com/serialize-error/-/serialize-error-7.0.1.tgz"
    "version" "7.0.1"
    dependencies:
      "type-fest" "^0.13.1"
  
  "signal-exit@^3.0.2":
    "integrity" "sha512-VUJ49FC8U1OxwZLxIbTTrDvLnf/6TDgxZcK8wxR8zs13xpx7xbG60ndBlhNrFi2EMuFRoeDoJO7wthSLq42EjA=="
    "resolved" "https://registry.yarnpkg.com/signal-exit/-/signal-exit-3.0.3.tgz"
    "version" "3.0.3"
  
  "source-map-support@^0.5.19":
    "integrity" "sha512-Wonm7zOCIJzBGQdB+thsPar0kYuCIzYvxZwlBa87yi/Mdjv7Tip2cyVbLj5o0cFPN4EVkuTwb3GDDyUx2DGnGw=="
    "resolved" "https://registry.yarnpkg.com/source-map-support/-/source-map-support-0.5.19.tgz"
    "version" "0.5.19"
    dependencies:
      "buffer-from" "^1.0.0"
      "source-map" "^0.6.0"
  
  "source-map@^0.6.0":
    "integrity" "sha512-UjgapumWlbMhkBgzT7Ykc5YXUT46F0iKu8SGXq0bcwP5dz/h0Plj6enJqjz1Zbq2l5WaqYnrVbwWOWMyF3F47g=="
    "resolved" "https://registry.yarnpkg.com/source-map/-/source-map-0.6.1.tgz"
    "version" "0.6.1"
  
  "spdx-correct@^3.0.0":
    "integrity" "sha512-cOYcUWwhCuHCXi49RhFRCyJEK3iPj1Ziz9DpViV3tbZOwXD49QzIN3MpOLJNxh2qwq2lJJZaKMVw9qNi4jTC0w=="
    "resolved" "https://registry.yarnpkg.com/spdx-correct/-/spdx-correct-3.1.1.tgz"
    "version" "3.1.1"
    dependencies:
      "spdx-expression-parse" "^3.0.0"
      "spdx-license-ids" "^3.0.0"
  
  "spdx-exceptions@^2.1.0":
    "integrity" "sha512-/tTrYOC7PPI1nUAgx34hUpqXuyJG+DTHJTnIULG4rDygi4xu/tfgmq1e1cIRwRzwZgo4NLySi+ricLkZkw4i5A=="
    "resolved" "https://registry.yarnpkg.com/spdx-exceptions/-/spdx-exceptions-2.3.0.tgz"
    "version" "2.3.0"
  
  "spdx-expression-parse@^3.0.0":
    "integrity" "sha512-cbqHunsQWnJNE6KhVSMsMeH5H/L9EpymbzqTQ3uLwNCLZ1Q481oWaofqH7nO6V07xlXwY6PhQdQ2IedWx/ZK4Q=="
    "resolved" "https://registry.yarnpkg.com/spdx-expression-parse/-/spdx-expression-parse-3.0.1.tgz"
    "version" "3.0.1"
    dependencies:
      "spdx-exceptions" "^2.1.0"
      "spdx-license-ids" "^3.0.0"
  
  "spdx-license-ids@^3.0.0":
    "integrity" "sha512-+orQK83kyMva3WyPf59k1+Y525csj5JejicWut55zeTWANuN17qSiSLUXWtzHeNWORSvT7GLDJ/E/XiIWoXBTw=="
    "resolved" "https://registry.yarnpkg.com/spdx-license-ids/-/spdx-license-ids-3.0.6.tgz"
    "version" "3.0.6"
  
  "sprintf-js@^1.1.2":
    "integrity" "sha512-VE0SOVEHCk7Qc8ulkWw3ntAzXuqf7S2lvwQaDLRnUeIEaKNQJzV6BwmLKhOqT61aGhfUMrXeaBk+oDGCzvhcug=="
    "resolved" "https://registry.yarnpkg.com/sprintf-js/-/sprintf-js-1.1.2.tgz"
    "version" "1.1.2"
  
  "sprintf-js@~1.0.2":
    "integrity" "sha1-BOaSb2YolTVPPdAVIDYzuFcpfiw="
    "resolved" "https://registry.yarnpkg.com/sprintf-js/-/sprintf-js-1.0.3.tgz"
    "version" "1.0.3"
  
  "stat-mode@^1.0.0":
    "integrity" "sha512-jH9EhtKIjuXZ2cWxmXS8ZP80XyC3iasQxMDV8jzhNJpfDb7VbQLVW4Wvsxz9QZvzV+G4YoSfBUVKDOyxLzi/sg=="
    "resolved" "https://registry.yarnpkg.com/stat-mode/-/stat-mode-1.0.0.tgz"
    "version" "1.0.0"
  
  "string_decoder@~1.1.1":
    "integrity" "sha512-n/ShnvDi6FHbbVfviro+WojiFzv+s8MPMHBczVePfUpDJLwoLT0ht1l4YwBCbi8pJAveEEdnkHyPyTP/mzRfwg=="
    "resolved" "https://registry.yarnpkg.com/string_decoder/-/string_decoder-1.1.1.tgz"
    "version" "1.1.1"
    dependencies:
      "safe-buffer" "~5.1.0"
  
  "string-width@^3.0.0":
    "integrity" "sha512-vafcv6KjVZKSgz06oM/H6GDBrAtz8vdhQakGjFIvNrHA6y3HCF1CInLy+QLq8dTJPQ1b+KDUqDFctkdRW44e1w=="
    "resolved" "https://registry.yarnpkg.com/string-width/-/string-width-3.1.0.tgz"
    "version" "3.1.0"
    dependencies:
      "emoji-regex" "^7.0.1"
      "is-fullwidth-code-point" "^2.0.0"
      "strip-ansi" "^5.1.0"
  
  "string-width@^4.0.0", "string-width@^4.1.0", "string-width@^4.2.0":
    "integrity" "sha512-zUz5JD+tgqtuDjMhwIg5uFVV3dtqZ9yQJlZVfq4I01/K5Paj5UHj7VyrQOJvzawSVlKpObApbfD0Ed6yJc+1eg=="
    "resolved" "https://registry.yarnpkg.com/string-width/-/string-width-4.2.0.tgz"
    "version" "4.2.0"
    dependencies:
      "emoji-regex" "^8.0.0"
      "is-fullwidth-code-point" "^3.0.0"
      "strip-ansi" "^6.0.0"
  
  "strip-ansi@^5.1.0":
    "integrity" "sha512-DuRs1gKbBqsMKIZlrffwlug8MHkcnpjs5VPmL1PAh+mA30U0DTotfDZ0d2UUsXpPmPmMMJ6W773MaA3J+lbiWA=="
    "resolved" "https://registry.yarnpkg.com/strip-ansi/-/strip-ansi-5.2.0.tgz"
    "version" "5.2.0"
    dependencies:
      "ansi-regex" "^4.1.0"
  
  "strip-ansi@^6.0.0":
    "integrity" "sha512-AuvKTrTfQNYNIctbR1K/YGTR1756GycPsg7b9bdV9Duqur4gv6aKqHXah67Z8ImS7WEz5QVcOtlfW2rZEugt6w=="
    "resolved" "https://registry.yarnpkg.com/strip-ansi/-/strip-ansi-6.0.0.tgz"
    "version" "6.0.0"
    dependencies:
      "ansi-regex" "^5.0.0"
  
  "strip-json-comments@~2.0.1":
    "integrity" "sha1-PFMZQukIwml8DsNEhYwobHygpgo="
    "resolved" "https://registry.yarnpkg.com/strip-json-comments/-/strip-json-comments-2.0.1.tgz"
    "version" "2.0.1"
  
  "sumchecker@^3.0.1":
    "integrity" "sha512-MvjXzkz/BOfyVDkG0oFOtBxHX2u3gKbMHIF/dXblZsgD3BWOFLmHovIpZY7BykJdAjcqRCBi1WYBNdEC9yI7vg=="
    "resolved" "https://registry.yarnpkg.com/sumchecker/-/sumchecker-3.0.1.tgz"
    "version" "3.0.1"
    dependencies:
      "debug" "^4.1.0"
  
  "supports-color@^5.3.0":
    "integrity" "sha512-QjVjwdXIt408MIiAqCX4oUKsgU2EqAGzs2Ppkm4aQYbjm+ZEWEcW4SfFNTr4uMNZma0ey4f5lgLrkB0aX0QMow=="
    "resolved" "https://registry.yarnpkg.com/supports-color/-/supports-color-5.5.0.tgz"
    "version" "5.5.0"
    dependencies:
      "has-flag" "^3.0.0"
  
  "supports-color@^7.1.0":
    "integrity" "sha512-qpCAvRl9stuOHveKsn7HncJRvv501qIacKzQlO/+Lwxc9+0q2wLyv4Dfvt80/DPn2pqOBsJdDiogXGR9+OvwRw=="
    "resolved" "https://registry.yarnpkg.com/supports-color/-/supports-color-7.2.0.tgz"
    "version" "7.2.0"
    dependencies:
      "has-flag" "^4.0.0"
  
  "temp-file@^3.3.7":
    "integrity" "sha512-9tBJKt7GZAQt/Rg0QzVWA8Am8c1EFl+CAv04/aBVqlx5oyfQ508sFIABshQ0xbZu6mBrFLWIUXO/bbLYghW70g=="
    "resolved" "https://registry.yarnpkg.com/temp-file/-/temp-file-3.3.7.tgz"
    "version" "3.3.7"
    dependencies:
      "async-exit-hook" "^2.0.1"
      "fs-extra" "^8.1.0"
  
  "term-size@^2.1.0":
    "integrity" "sha512-wK0Ri4fOGjv/XPy8SBHZChl8CM7uMc5VML7SqiQ0zG7+J5Vr+RMQDoHa2CNT6KHUnTGIXH34UDMkPzAUyapBZg=="
    "resolved" "https://registry.yarnpkg.com/term-size/-/term-size-2.2.1.tgz"
    "version" "2.2.1"
  
  "to-readable-stream@^1.0.0":
    "integrity" "sha512-Iq25XBt6zD5npPhlLVXGFN3/gyR2/qODcKNNyTMd4vbm39HUaOiAM4PMq0eMVC/Tkxz+Zjdsc55g9yyz+Yq00Q=="
    "resolved" "https://registry.yarnpkg.com/to-readable-stream/-/to-readable-stream-1.0.0.tgz"
    "version" "1.0.0"
  
  "truncate-utf8-bytes@^1.0.0":
    "integrity" "sha1-QFkjkJWS1W94pYGENLC3hInKXys="
    "resolved" "https://registry.yarnpkg.com/truncate-utf8-bytes/-/truncate-utf8-bytes-1.0.2.tgz"
    "version" "1.0.2"
    dependencies:
      "utf8-byte-length" "^1.0.1"
  
  "tunnel@^0.0.6":
    "integrity" "sha512-1h/Lnq9yajKY2PEbBadPXj3VxsDDu844OnaAo52UVmIzIvwwtBPIuNvkjuzBlTWpfJyUbG3ez0KSBibQkj4ojg=="
    "resolved" "https://registry.yarnpkg.com/tunnel/-/tunnel-0.0.6.tgz"
    "version" "0.0.6"
  
  "type-fest@^0.13.1":
    "integrity" "sha512-34R7HTnG0XIJcBSn5XhDd7nNFPRcXYRZrBB2O2jdKqYODldSzBAqzsWoZYYvduky73toYS/ESqxPvkDf/F0XMg=="
    "resolved" "https://registry.yarnpkg.com/type-fest/-/type-fest-0.13.1.tgz"
    "version" "0.13.1"
  
  "type-fest@^0.8.1":
    "integrity" "sha512-4dbzIzqvjtgiM5rw1k5rEHtBANKmdudhGyBEajN01fEyhaAIhsoKNy6y7+IN93IfpFtwY9iqi7kD+xwKhQsNJA=="
    "resolved" "https://registry.yarnpkg.com/type-fest/-/type-fest-0.8.1.tgz"
    "version" "0.8.1"
  
  "typedarray-to-buffer@^3.1.5":
    "integrity" "sha512-zdu8XMNEDepKKR+XYOXAVPtWui0ly0NtohUscw+UmaHiAWT8hrV1rr//H6V+0DvJ3OQ19S979M0laLfX8rm82Q=="
    "resolved" "https://registry.yarnpkg.com/typedarray-to-buffer/-/typedarray-to-buffer-3.1.5.tgz"
    "version" "3.1.5"
    dependencies:
      "is-typedarray" "^1.0.0"
  
  "typedarray@^0.0.6":
    "integrity" "sha1-hnrHTjhkGHsdPUfZlqeOxciDB3c="
    "resolved" "https://registry.yarnpkg.com/typedarray/-/typedarray-0.0.6.tgz"
    "version" "0.0.6"
  
  "unique-string@^2.0.0":
    "integrity" "sha512-uNaeirEPvpZWSgzwsPGtU2zVSTrn/8L5q/IexZmH0eH6SA73CmAA5U4GwORTxQAZs95TAXLNqeLoPPNO5gZfWg=="
    "resolved" "https://registry.yarnpkg.com/unique-string/-/unique-string-2.0.0.tgz"
    "version" "2.0.0"
    dependencies:
      "crypto-random-string" "^2.0.0"
  
  "universalify@^0.1.0":
    "integrity" "sha512-rBJeI5CXAlmy1pV+617WB9J63U6XcazHHF2f2dbJix4XzpUF0RS3Zbj0FGIOCAva5P/d/GBOYaACQ1w+0azUkg=="
    "resolved" "https://registry.yarnpkg.com/universalify/-/universalify-0.1.2.tgz"
    "version" "0.1.2"
  
  "universalify@^1.0.0":
    "integrity" "sha512-rb6X1W158d7pRQBg5gkR8uPaSfiids68LTJQYOtEUhoJUWBdaQHsuT/EUduxXYxcrt4r5PJ4fuHW1MHT6p0qug=="
    "resolved" "https://registry.yarnpkg.com/universalify/-/universalify-1.0.0.tgz"
    "version" "1.0.0"
  
  "universalify@^2.0.0":
    "integrity" "sha512-hAZsKq7Yy11Zu1DE0OzWjw7nnLZmJZYTDZZyEFHZdUhV8FkH5MCfoU1XMaxXovpyW5nq5scPqq0ZDP9Zyl04oQ=="
    "resolved" "https://registry.yarnpkg.com/universalify/-/universalify-2.0.0.tgz"
    "version" "2.0.0"
  
  "update-notifier@^4.1.1":
    "integrity" "sha512-Yld6Z0RyCYGB6ckIjffGOSOmHXj1gMeE7aROz4MG+XMkmixBX4jUngrGXNYz7wPKBmtoD4MnBa2Anu7RSKht/A=="
    "resolved" "https://registry.yarnpkg.com/update-notifier/-/update-notifier-4.1.3.tgz"
    "version" "4.1.3"
    dependencies:
      "boxen" "^4.2.0"
      "chalk" "^3.0.0"
      "configstore" "^5.0.1"
      "has-yarn" "^2.1.0"
      "import-lazy" "^2.1.0"
      "is-ci" "^2.0.0"
      "is-installed-globally" "^0.3.1"
      "is-npm" "^4.0.0"
      "is-yarn-global" "^0.3.0"
      "latest-version" "^5.0.0"
      "pupa" "^2.0.1"
      "semver-diff" "^3.1.1"
      "xdg-basedir" "^4.0.0"
  
  "uri-js@^4.2.2":
    "integrity" "sha512-B0yRTzYdUCCn9n+F4+Gh4yIDtMQcaJsmYBDsTSG8g/OejKBodLQ2IHfN3bM7jUsRXndopT7OIXWdYqc1fjmV6g=="
    "resolved" "https://registry.yarnpkg.com/uri-js/-/uri-js-4.4.0.tgz"
    "version" "4.4.0"
    dependencies:
      "punycode" "^2.1.0"
  
  "url-parse-lax@^3.0.0":
    "integrity" "sha1-FrXK/Afb42dsGxmZF3gj1lA6yww="
    "resolved" "https://registry.yarnpkg.com/url-parse-lax/-/url-parse-lax-3.0.0.tgz"
    "version" "3.0.0"
    dependencies:
      "prepend-http" "^2.0.0"
  
  "utf8-byte-length@^1.0.1":
    "integrity" "sha1-9F8VDExm7uloGGUFq5P8u4rWv2E="
    "resolved" "https://registry.yarnpkg.com/utf8-byte-length/-/utf8-byte-length-1.0.4.tgz"
    "version" "1.0.4"
  
  "util-deprecate@~1.0.1":
    "integrity" "sha1-RQ1Nyfpw3nMnYvvS1KKJgUGaDM8="
    "resolved" "https://registry.yarnpkg.com/util-deprecate/-/util-deprecate-1.0.2.tgz"
    "version" "1.0.2"
  
  "validate-npm-package-license@^3.0.1":
    "integrity" "sha512-DpKm2Ui/xN7/HQKCtpZxoRWBhZ9Z0kqtygG8XCgNQ8ZlDnxuQmWhj566j8fN4Cu3/JmbhsDo7fcAJq4s9h27Ew=="
    "resolved" "https://registry.yarnpkg.com/validate-npm-package-license/-/validate-npm-package-license-3.0.4.tgz"
    "version" "3.0.4"
    dependencies:
      "spdx-correct" "^3.0.0"
      "spdx-expression-parse" "^3.0.0"
  
  "widest-line@^3.1.0":
    "integrity" "sha512-NsmoXalsWVDMGupxZ5R08ka9flZjjiLvHVAWYOKtiKM8ujtZWr9cRffak+uSE48+Ob8ObalXpwyeUiyDD6QFgg=="
    "resolved" "https://registry.yarnpkg.com/widest-line/-/widest-line-3.1.0.tgz"
    "version" "3.1.0"
    dependencies:
      "string-width" "^4.0.0"
  
  "wrap-ansi@^7.0.0":
    "integrity" "sha512-YVGIj2kamLSTxw6NsZjoBxfSwsn0ycdesmc4p+Q21c5zPuZ1pl+NfxVdxPtdHvmNVOQ6XSYG4AUtyt/Fi7D16Q=="
    "resolved" "https://registry.yarnpkg.com/wrap-ansi/-/wrap-ansi-7.0.0.tgz"
    "version" "7.0.0"
    dependencies:
      "ansi-styles" "^4.0.0"
      "string-width" "^4.1.0"
      "strip-ansi" "^6.0.0"
  
  "wrappy@1":
    "integrity" "sha1-tSQ9jz7BqjXxNkYFvA0QNuMKtp8="
    "resolved" "https://registry.yarnpkg.com/wrappy/-/wrappy-1.0.2.tgz"
    "version" "1.0.2"
  
  "write-file-atomic@^3.0.0":
    "integrity" "sha512-AvHcyZ5JnSfq3ioSyjrBkH9yW4m7Ayk8/9My/DD9onKeu/94fwrMocemO2QAJFAlnnDN+ZDS+ZjAR5ua1/PV/Q=="
    "resolved" "https://registry.yarnpkg.com/write-file-atomic/-/write-file-atomic-3.0.3.tgz"
    "version" "3.0.3"
    dependencies:
      "imurmurhash" "^0.1.4"
      "is-typedarray" "^1.0.0"
      "signal-exit" "^3.0.2"
      "typedarray-to-buffer" "^3.1.5"
  
  "xdg-basedir@^4.0.0":
    "integrity" "sha512-PSNhEJDejZYV7h50BohL09Er9VaIefr2LMAf3OEmpCkjOi34eYyQYAXUTjEQtZJTKcF0E2UKTh+osDLsgNim9Q=="
    "resolved" "https://registry.yarnpkg.com/xdg-basedir/-/xdg-basedir-4.0.0.tgz"
    "version" "4.0.0"
  
  "y18n@^5.0.2":
    "integrity" "sha512-hsRUr4FFrvhhRH12wOdfs38Gy7k2FFzB9qgN9v3aLykRq0dRcdcpz5C9FxdS2NuhOrI/628b/KSTJ3rwHysYSg=="
    "resolved" "https://registry.yarnpkg.com/y18n/-/y18n-5.0.5.tgz"
    "version" "5.0.5"
  
  "yallist@^4.0.0":
    "integrity" "sha512-3wdGidZyq5PB084XLES5TpOSRA3wjXAlIWMhum2kRcv/41Sn2emQ0dycQW4uZXLejwKvg6EsvbdlVL+FYEct7A=="
    "resolved" "https://registry.yarnpkg.com/yallist/-/yallist-4.0.0.tgz"
    "version" "4.0.0"
  
  "yargs-parser@^20.2.2":
    "integrity" "sha512-emOFRT9WVHw03QSvN5qor9QQT9+sw5vwxfYweivSMHTcAXPefwVae2FjO7JJjj8hCE4CzPOPeFM83VwT29HCww=="
    "resolved" "https://registry.yarnpkg.com/yargs-parser/-/yargs-parser-20.2.3.tgz"
    "version" "20.2.3"
  
  "yargs@^16.0.3":
    "integrity" "sha512-upWFJOmDdHN0syLuESuvXDmrRcWd1QafJolHskzaw79uZa7/x53gxQKiR07W59GWY1tFhhU/Th9DrtSfpS782g=="
    "resolved" "https://registry.yarnpkg.com/yargs/-/yargs-16.1.0.tgz"
    "version" "16.1.0"
    dependencies:
      "cliui" "^7.0.2"
      "escalade" "^3.1.1"
      "get-caller-file" "^2.0.5"
      "require-directory" "^2.1.1"
      "string-width" "^4.2.0"
      "y18n" "^5.0.2"
      "yargs-parser" "^20.2.2"
  
  "yauzl@^2.10.0":
    "integrity" "sha1-x+sXyT4RLLEIb6bY5R+wZnt5pfk="
    "resolved" "https://registry.yarnpkg.com/yauzl/-/yauzl-2.10.0.tgz"
    "version" "2.10.0"
    dependencies:
      "buffer-crc32" "~0.2.3"
      "fd-slicer" "~1.1.0"
